[INFO ] 2020-04-19 21:56:28.398 [TestNG-tests-1] TC_LoginTest_001 - *******TC-LoginTest-001 starting*****
[INFO ] 2020-04-19 21:56:32.606 [TestNG-tests-1] TC_LoginTest_001 - *****providing login details****
[INFO ] 2020-04-19 21:56:35.324 [TestNG-tests-1] TC_LoginTest_001 - *****logintest passed*****
[INFO ] 2020-04-19 21:56:35.328 [TestNG-tests-1] TC_LoginTest_001 - ****finished TC logintest 001 ****
[INFO ] 2020-04-19 21:56:52.507 [TestNG-tests-1] TC_LoginDDT_002 - *******TC_LoginDDT_002 starting*****
[INFO ] 2020-04-19 21:56:54.476 [TestNG-tests-1] TC_LoginDDT_002 - *****providing login details****
[INFO ] 2020-04-19 21:56:55.278 [TestNG-tests-1] TC_LoginDDT_002 - *****TC_LoginDDT_002 is failed***
[INFO ] 2020-04-19 21:56:55.296 [TestNG-tests-1] TC_LoginDDT_002 - *******TC_LoginDDT_002 starting*****
[INFO ] 2020-04-19 21:56:56.039 [TestNG-tests-1] TC_LoginDDT_002 - *****providing login details****
[INFO ] 2020-04-19 21:56:56.493 [TestNG-tests-1] TC_LoginDDT_002 - *****TC_LoginDDT_002 is passed***
[INFO ] 2020-04-19 21:56:56.493 [TestNG-tests-1] TC_LoginDDT_002 - **************** Finished TC_LoginDDT_002 ************* 
[INFO ] 2020-04-19 21:56:56.503 [TestNG-tests-1] TC_LoginDDT_002 - *******TC_LoginDDT_002 starting*****
[INFO ] 2020-04-19 21:56:57.278 [TestNG-tests-1] TC_LoginDDT_002 - *****providing login details****
[INFO ] 2020-04-19 21:56:57.756 [TestNG-tests-1] TC_LoginDDT_002 - *****TC_LoginDDT_002 is passed***
[INFO ] 2020-04-19 21:56:57.756 [TestNG-tests-1] TC_LoginDDT_002 - **************** Finished TC_LoginDDT_002 ************* 
[INFO ] 2020-04-19 21:56:57.760 [TestNG-tests-1] TC_LoginDDT_002 - *******TC_LoginDDT_002 starting*****
[INFO ] 2020-04-19 21:56:58.418 [TestNG-tests-1] TC_LoginDDT_002 - *****providing login details****
[INFO ] 2020-04-19 21:56:58.838 [TestNG-tests-1] TC_LoginDDT_002 - *****TC_LoginDDT_002 is passed***
[INFO ] 2020-04-19 21:56:58.838 [TestNG-tests-1] TC_LoginDDT_002 - **************** Finished TC_LoginDDT_002 ************* 
[INFO ] 2020-04-19 21:57:16.846 [TestNG-tests-1] TC_AddCustomerTest_003 - ***************   TC_AddCustomerTest_003 statred  *********** 
[INFO ] 2020-04-19 21:57:21.386 [TestNG-tests-1] TC_AddCustomerTest_003 - ***************  Providing customer details  *********** 
[INFO ] 2020-04-19 21:57:30.673 [TestNG-tests-1] TC_AddCustomerTest_003 - ***************  Customer added succesfully *********** 
[INFO ] 2020-04-19 21:57:30.673 [TestNG-tests-1] TC_AddCustomerTest_003 - ***************   TC_AddCustomerTest_003 Finished  *********** 
[INFO ] 2020-04-19 21:57:43.904 [TestNG-tests-1] TC_SearchCustomerByEmail_004 - *******TC-SearchCustomerByEmail_004*****
[INFO ] 2020-04-19 21:57:47.005 [TestNG-tests-1] TC_SearchCustomerByEmail_004 - *****providing login details****
[INFO ] 2020-04-19 21:57:55.450 [TestNG-tests-1] TC_SearchCustomerByEmail_004 - ****end of testcase4*****
[INFO ] 2020-04-19 21:58:10.914 [TestNG-tests-1] TC_SearchCustomerByName_005 - *******TC-SearchCustomerByName_005*****
[INFO ] 2020-04-19 21:58:13.870 [TestNG-tests-1] TC_SearchCustomerByName_005 - *****providing login details****
[INFO ] 2020-04-19 21:58:22.622 [TestNG-tests-1] TC_SearchCustomerByName_005 - ****end of testcase5*****
[INFO ] 2020-04-19 22:18:35.710 [TestNG-tests-1] TC_LoginTest_001 - *******TC-LoginTest-001 starting*****
[INFO ] 2020-04-19 22:18:38.701 [TestNG-tests-1] TC_LoginTest_001 - *****providing login details****
[INFO ] 2020-04-19 22:18:40.992 [TestNG-tests-1] TC_LoginTest_001 - *****logintest passed*****
[INFO ] 2020-04-19 22:18:41.009 [TestNG-tests-1] TC_LoginTest_001 - ****finished TC logintest 001 ****
[INFO ] 2020-04-19 22:18:57.234 [TestNG-tests-1] TC_LoginDDT_002 - *******TC_LoginDDT_002 is starting*****
[INFO ] 2020-04-19 22:19:00.071 [TestNG-tests-1] TC_LoginDDT_002 - *****providing login details****
[INFO ] 2020-04-19 22:19:00.469 [TestNG-tests-1] TC_LoginDDT_002 - *****TC_LoginDDT_002 is failed***
[INFO ] 2020-04-19 22:19:00.487 [TestNG-tests-1] TC_LoginDDT_002 - *******TC_LoginDDT_002 is starting*****
[INFO ] 2020-04-19 22:19:01.505 [TestNG-tests-1] TC_LoginDDT_002 - *****providing login details****
[INFO ] 2020-04-19 22:19:01.906 [TestNG-tests-1] TC_LoginDDT_002 - *****TC_LoginDDT_002 is passed***
[INFO ] 2020-04-19 22:19:01.906 [TestNG-tests-1] TC_LoginDDT_002 - **************** Finished TC_LoginDDT_002 ************* 
[INFO ] 2020-04-19 22:19:01.909 [TestNG-tests-1] TC_LoginDDT_002 - *******TC_LoginDDT_002 is starting*****
[INFO ] 2020-04-19 22:19:02.759 [TestNG-tests-1] TC_LoginDDT_002 - *****providing login details****
[INFO ] 2020-04-19 22:19:03.304 [TestNG-tests-1] TC_LoginDDT_002 - *****TC_LoginDDT_002 is passed***
[INFO ] 2020-04-19 22:19:03.305 [TestNG-tests-1] TC_LoginDDT_002 - **************** Finished TC_LoginDDT_002 ************* 
[INFO ] 2020-04-19 22:19:03.307 [TestNG-tests-1] TC_LoginDDT_002 - *******TC_LoginDDT_002 is starting*****
[INFO ] 2020-04-19 22:19:04.042 [TestNG-tests-1] TC_LoginDDT_002 - *****providing login details****
[INFO ] 2020-04-19 22:19:04.504 [TestNG-tests-1] TC_LoginDDT_002 - *****TC_LoginDDT_002 is passed***
[INFO ] 2020-04-19 22:19:04.504 [TestNG-tests-1] TC_LoginDDT_002 - **************** Finished TC_LoginDDT_002 ************* 
[INFO ] 2020-04-19 22:19:33.083 [TestNG-tests-1] TC_SearchCustomerByEmail_004 - *******TC-SearchCustomerByEmail_004*****
[INFO ] 2020-04-19 22:19:35.794 [TestNG-tests-1] TC_SearchCustomerByEmail_004 - *****providing login details****
[INFO ] 2020-04-19 22:19:44.021 [TestNG-tests-1] TC_SearchCustomerByEmail_004 - ****end of testcase4*****
[INFO ] 2020-04-19 22:19:59.191 [TestNG-tests-1] TC_SearchCustomerByName_005 - *******TC-SearchCustomerByName_005*****
[INFO ] 2020-04-19 22:20:02.443 [TestNG-tests-1] TC_SearchCustomerByName_005 - *****providing login details****
[INFO ] 2020-04-19 22:20:10.680 [TestNG-tests-1] TC_SearchCustomerByName_005 - ****end of testcase5*****
[INFO ] 2020-04-19 22:20:34.482 [TestNG-tests-1] TC_LoginDDT_002 - *******TC_LoginDDT_002 is starting*****
[INFO ] 2020-04-19 22:20:37.894 [TestNG-tests-1] TC_LoginDDT_002 - *****providing login details****
[INFO ] 2020-04-19 22:20:38.321 [TestNG-tests-1] TC_LoginDDT_002 - *****TC_LoginDDT_002 is failed***
[INFO ] 2020-04-19 22:20:38.375 [TestNG-tests-1] TC_LoginDDT_002 - *******TC_LoginDDT_002 is starting*****
[INFO ] 2020-04-19 22:20:39.337 [TestNG-tests-1] TC_LoginDDT_002 - *****providing login details****
[INFO ] 2020-04-19 22:20:39.734 [TestNG-tests-1] TC_LoginDDT_002 - *****TC_LoginDDT_002 is passed***
[INFO ] 2020-04-19 22:20:39.734 [TestNG-tests-1] TC_LoginDDT_002 - **************** Finished TC_LoginDDT_002 ************* 
[INFO ] 2020-04-19 22:20:39.737 [TestNG-tests-1] TC_LoginDDT_002 - *******TC_LoginDDT_002 is starting*****
[INFO ] 2020-04-19 22:20:40.521 [TestNG-tests-1] TC_LoginDDT_002 - *****providing login details****
[INFO ] 2020-04-19 22:20:41.019 [TestNG-tests-1] TC_LoginDDT_002 - *****TC_LoginDDT_002 is passed***
[INFO ] 2020-04-19 22:20:41.019 [TestNG-tests-1] TC_LoginDDT_002 - **************** Finished TC_LoginDDT_002 ************* 
[INFO ] 2020-04-19 22:20:41.024 [TestNG-tests-1] TC_LoginDDT_002 - *******TC_LoginDDT_002 is starting*****
[INFO ] 2020-04-19 22:20:41.768 [TestNG-tests-1] TC_LoginDDT_002 - *****providing login details****
[INFO ] 2020-04-19 22:20:42.305 [TestNG-tests-1] TC_LoginDDT_002 - *****TC_LoginDDT_002 is passed***
[INFO ] 2020-04-19 22:20:42.305 [TestNG-tests-1] TC_LoginDDT_002 - **************** Finished TC_LoginDDT_002 ************* 
[INFO ] 2020-04-19 22:21:52.946 [TestNG-tests-1] TC_LoginDDT_002 - *******TC_LoginDDT_002 is starting*****
[INFO ] 2020-04-19 22:21:55.843 [TestNG-tests-1] TC_LoginDDT_002 - *****providing login details****
[INFO ] 2020-04-19 22:21:56.288 [TestNG-tests-1] TC_LoginDDT_002 - *****TC_LoginDDT_002 is failed***
[INFO ] 2020-04-19 22:21:56.321 [TestNG-tests-1] TC_LoginDDT_002 - *******TC_LoginDDT_002 is starting*****
[INFO ] 2020-04-19 22:21:57.269 [TestNG-tests-1] TC_LoginDDT_002 - *****providing login details****
[INFO ] 2020-04-19 22:21:57.709 [TestNG-tests-1] TC_LoginDDT_002 - *****TC_LoginDDT_002 is passed***
[INFO ] 2020-04-19 22:21:57.710 [TestNG-tests-1] TC_LoginDDT_002 - **************** Finished TC_LoginDDT_002 ************* 
[INFO ] 2020-04-19 22:21:57.720 [TestNG-tests-1] TC_LoginDDT_002 - *******TC_LoginDDT_002 is starting*****
[INFO ] 2020-04-19 22:21:58.554 [TestNG-tests-1] TC_LoginDDT_002 - *****providing login details****
[INFO ] 2020-04-19 22:21:59.118 [TestNG-tests-1] TC_LoginDDT_002 - *****TC_LoginDDT_002 is passed***
[INFO ] 2020-04-19 22:21:59.118 [TestNG-tests-1] TC_LoginDDT_002 - **************** Finished TC_LoginDDT_002 ************* 
[INFO ] 2020-04-19 22:21:59.128 [TestNG-tests-1] TC_LoginDDT_002 - *******TC_LoginDDT_002 is starting*****
[INFO ] 2020-04-19 22:21:59.909 [TestNG-tests-1] TC_LoginDDT_002 - *****providing login details****
[INFO ] 2020-04-19 22:22:00.412 [TestNG-tests-1] TC_LoginDDT_002 - *****TC_LoginDDT_002 is passed***
[INFO ] 2020-04-19 22:22:00.412 [TestNG-tests-1] TC_LoginDDT_002 - **************** Finished TC_LoginDDT_002 ************* 
[INFO ] 2020-04-19 22:32:08.395 [TestNG-tests-1] TC_LoginTest_001 - *******TC-LoginTest-001 starting*****
[INFO ] 2020-04-19 22:32:11.645 [TestNG-tests-1] TC_LoginTest_001 - *****providing login details****
[INFO ] 2020-04-19 22:32:21.088 [TestNG-tests-1] TC_LoginTest_001 - *****logintest passed*****
[INFO ] 2020-04-19 22:32:21.092 [TestNG-tests-1] TC_LoginTest_001 - ****finished TC logintest 001 ****
[INFO ] 2020-04-19 22:32:24.717 [TestNG-tests-1] TC_LoginDDT_002 - *******TC_LoginDDT_002 is starting*****
[INFO ] 2020-04-19 22:32:25.965 [TestNG-tests-1] TC_LoginDDT_002 - *****providing login details****
[INFO ] 2020-04-19 22:32:28.265 [TestNG-tests-1] TC_LoginDDT_002 - *****TC_LoginDDT_002 is failed***
[INFO ] 2020-04-19 22:32:28.273 [TestNG-tests-1] TC_LoginDDT_002 - *******TC_LoginDDT_002 is starting*****
[INFO ] 2020-04-19 22:32:30.888 [TestNG-tests-1] TC_LoginDDT_002 - *****providing login details****
[INFO ] 2020-04-19 22:32:33.192 [TestNG-tests-1] TC_LoginDDT_002 - *****TC_LoginDDT_002 is passed***
[INFO ] 2020-04-19 22:32:33.192 [TestNG-tests-1] TC_LoginDDT_002 - **************** Finished TC_LoginDDT_002 ************* 
[INFO ] 2020-04-19 22:32:33.196 [TestNG-tests-1] TC_LoginDDT_002 - *******TC_LoginDDT_002 is starting*****
[INFO ] 2020-04-19 22:32:33.843 [TestNG-tests-1] TC_LoginDDT_002 - *****providing login details****
[INFO ] 2020-04-19 22:32:36.586 [TestNG-tests-1] TC_LoginDDT_002 - *****TC_LoginDDT_002 is passed***
[INFO ] 2020-04-19 22:32:36.586 [TestNG-tests-1] TC_LoginDDT_002 - **************** Finished TC_LoginDDT_002 ************* 
[INFO ] 2020-04-19 22:32:36.589 [TestNG-tests-1] TC_LoginDDT_002 - *******TC_LoginDDT_002 is starting*****
[INFO ] 2020-04-19 22:32:37.298 [TestNG-tests-1] TC_LoginDDT_002 - *****providing login details****
[INFO ] 2020-04-19 22:32:40.232 [TestNG-tests-1] TC_LoginDDT_002 - *****TC_LoginDDT_002 is passed***
[INFO ] 2020-04-19 22:32:40.232 [TestNG-tests-1] TC_LoginDDT_002 - **************** Finished TC_LoginDDT_002 ************* 
[INFO ] 2020-04-19 22:35:26.922 [TestNG-tests-2] TC_LoginTest_001 - *******TC-LoginTest-001 starting*****
[INFO ] 2020-04-19 22:35:28.323 [TestNG-tests-2] TC_LoginTest_001 - *****providing login details****
[INFO ] 2020-04-19 22:35:33.271 [TestNG-tests-2] TC_LoginTest_001 - *****logintest passed*****
[INFO ] 2020-04-19 22:35:33.274 [TestNG-tests-2] TC_LoginTest_001 - ****finished TC logintest 001 ****
[INFO ] 2020-04-19 22:35:34.314 [TestNG-tests-1] TC_LoginTest_001 - *******TC-LoginTest-001 starting*****
[INFO ] 2020-04-19 22:35:36.204 [TestNG-tests-1] TC_LoginTest_001 - *****providing login details****
[INFO ] 2020-04-19 22:35:38.317 [TestNG-tests-2] TC_LoginDDT_002 - *******TC_LoginDDT_002 is starting*****
[INFO ] 2020-04-19 22:35:39.670 [TestNG-tests-2] TC_LoginDDT_002 - *****providing login details****
[INFO ] 2020-04-19 22:35:41.391 [TestNG-tests-1] TC_LoginTest_001 - *****logintest passed*****
[INFO ] 2020-04-19 22:35:41.391 [TestNG-tests-1] TC_LoginTest_001 - ****finished TC logintest 001 ****
[INFO ] 2020-04-19 22:35:42.802 [TestNG-tests-2] TC_LoginDDT_002 - *****TC_LoginDDT_002 is failed***
[INFO ] 2020-04-19 22:35:42.809 [TestNG-tests-2] TC_LoginDDT_002 - *******TC_LoginDDT_002 is starting*****
[INFO ] 2020-04-19 22:35:43.742 [TestNG-tests-2] TC_LoginDDT_002 - *****providing login details****
[INFO ] 2020-04-19 22:35:47.258 [TestNG-tests-2] TC_LoginDDT_002 - *****TC_LoginDDT_002 is passed***
[INFO ] 2020-04-19 22:35:47.258 [TestNG-tests-2] TC_LoginDDT_002 - **************** Finished TC_LoginDDT_002 ************* 
[INFO ] 2020-04-19 22:35:47.261 [TestNG-tests-2] TC_LoginDDT_002 - *******TC_LoginDDT_002 is starting*****
[INFO ] 2020-04-19 22:35:47.958 [TestNG-tests-2] TC_LoginDDT_002 - *****providing login details****
[INFO ] 2020-04-19 22:35:50.620 [TestNG-tests-2] TC_LoginDDT_002 - *****TC_LoginDDT_002 is passed***
[INFO ] 2020-04-19 22:35:50.620 [TestNG-tests-2] TC_LoginDDT_002 - **************** Finished TC_LoginDDT_002 ************* 
[INFO ] 2020-04-19 22:35:50.623 [TestNG-tests-2] TC_LoginDDT_002 - *******TC_LoginDDT_002 is starting*****
[INFO ] 2020-04-19 22:35:51.456 [TestNG-tests-2] TC_LoginDDT_002 - *****providing login details****
[INFO ] 2020-04-19 22:35:53.740 [TestNG-tests-1] TC_LoginDDT_002 - *******TC_LoginDDT_002 is starting*****
[INFO ] 2020-04-19 22:35:55.415 [TestNG-tests-1] TC_LoginDDT_002 - *****providing login details****
[INFO ] 2020-04-19 22:35:55.580 [TestNG-tests-2] TC_LoginDDT_002 - *****TC_LoginDDT_002 is passed***
[INFO ] 2020-04-19 22:35:55.580 [TestNG-tests-2] TC_LoginDDT_002 - **************** Finished TC_LoginDDT_002 ************* 
[INFO ] 2020-04-19 22:35:59.481 [TestNG-tests-1] TC_LoginDDT_002 - *****TC_LoginDDT_002passed***
[INFO ] 2020-04-19 22:36:00.528 [TestNG-tests-1] TC_LoginDDT_002 - **************** Finished TC_LoginDDT_002 ************* 
[INFO ] 2020-04-19 22:36:00.542 [TestNG-tests-1] TC_LoginDDT_002 - *******TC_LoginDDT_002 is starting*****
[INFO ] 2020-04-19 22:36:01.045 [TestNG-tests-1] TC_LoginDDT_002 - *****providing login details****
[INFO ] 2020-04-19 22:36:01.695 [TestNG-tests-1] TC_LoginDDT_002 - *****TC_LoginDDT_002 is passed***
[INFO ] 2020-04-19 22:36:01.695 [TestNG-tests-1] TC_LoginDDT_002 - **************** Finished TC_LoginDDT_002 ************* 
[INFO ] 2020-04-19 22:36:01.698 [TestNG-tests-1] TC_LoginDDT_002 - *******TC_LoginDDT_002 is starting*****
[INFO ] 2020-04-19 22:36:02.228 [TestNG-tests-1] TC_LoginDDT_002 - *****providing login details****
[INFO ] 2020-04-19 22:36:02.870 [TestNG-tests-1] TC_LoginDDT_002 - *****TC_LoginDDT_002 is passed***
[INFO ] 2020-04-19 22:36:02.870 [TestNG-tests-1] TC_LoginDDT_002 - **************** Finished TC_LoginDDT_002 ************* 
[INFO ] 2020-04-19 22:36:02.875 [TestNG-tests-1] TC_LoginDDT_002 - *******TC_LoginDDT_002 is starting*****
[INFO ] 2020-04-19 22:36:03.370 [TestNG-tests-1] TC_LoginDDT_002 - *****providing login details****
[INFO ] 2020-04-19 22:36:03.926 [TestNG-tests-1] TC_LoginDDT_002 - *****TC_LoginDDT_002 is passed***
[INFO ] 2020-04-19 22:36:03.926 [TestNG-tests-1] TC_LoginDDT_002 - **************** Finished TC_LoginDDT_002 ************* 
[INFO ] 2020-04-19 22:36:20.409 [TestNG-tests-1] TC_AddCustomerTest_003 - ***************   TC_AddCustomerTest_003 statred  *********** 
[INFO ] 2020-04-19 22:36:23.046 [TestNG-tests-1] TC_AddCustomerTest_003 - ***************  Providing customer details  *********** 
[INFO ] 2020-04-19 22:36:32.516 [TestNG-tests-1] TC_AddCustomerTest_003 - ***************  Customer added succesfully *********** 
[INFO ] 2020-04-19 22:36:32.516 [TestNG-tests-1] TC_AddCustomerTest_003 - ***************   TC_AddCustomerTest_003 Finished  *********** 
[INFO ] 2020-04-19 22:36:43.097 [TestNG-tests-1] TC_SearchCustomerByEmail_004 - *******TC-SearchCustomerByEmail_004*****
[INFO ] 2020-04-19 22:36:44.759 [TestNG-tests-1] TC_SearchCustomerByEmail_004 - *****providing login details****
[INFO ] 2020-04-19 22:36:52.689 [TestNG-tests-1] TC_SearchCustomerByEmail_004 - ****end of testcase4*****
[INFO ] 2020-04-19 22:37:03.846 [TestNG-tests-1] TC_SearchCustomerByName_005 - *******TC-SearchCustomerByName_005*****
[INFO ] 2020-04-19 22:37:05.731 [TestNG-tests-1] TC_SearchCustomerByName_005 - *****providing login details****
[INFO ] 2020-04-19 22:37:13.192 [TestNG-tests-1] TC_SearchCustomerByName_005 - ****end of testcase5*****
[INFO ] 2020-04-19 22:54:00.872 [TestNG-tests-1] TC_LoginTest_001 - *******TC-LoginTest-001 starting*****
[INFO ] 2020-04-19 22:54:02.979 [TestNG-tests-1] TC_LoginTest_001 - *****providing login details****
[INFO ] 2020-04-19 22:54:07.450 [TestNG-tests-1] TC_LoginTest_001 - *****logintest passed*****
[INFO ] 2020-04-19 22:54:07.456 [TestNG-tests-1] TC_LoginTest_001 - ****finished TC logintest 001 ****
[INFO ] 2020-04-19 22:54:20.558 [TestNG-tests-1] TC_LoginDDT_002 - *******TC_LoginDDT_002 is starting*****
[INFO ] 2020-04-19 22:54:22.075 [TestNG-tests-1] TC_LoginDDT_002 - *****providing login details****
[INFO ] 2020-04-19 22:54:25.083 [TestNG-tests-1] TC_LoginDDT_002 - *****TC_LoginDDT_002passed***
[INFO ] 2020-04-19 22:54:26.038 [TestNG-tests-1] TC_LoginDDT_002 - **************** Finished TC_LoginDDT_002 ************* 
[INFO ] 2020-04-19 22:54:26.047 [TestNG-tests-1] TC_LoginDDT_002 - *******TC_LoginDDT_002 is starting*****
[INFO ] 2020-04-19 22:54:27.563 [TestNG-tests-1] TC_LoginDDT_002 - *****providing login details****
[INFO ] 2020-04-19 22:54:28.199 [TestNG-tests-1] TC_LoginDDT_002 - *****TC_LoginDDT_002 is passed***
[INFO ] 2020-04-19 22:54:28.199 [TestNG-tests-1] TC_LoginDDT_002 - **************** Finished TC_LoginDDT_002 ************* 
[INFO ] 2020-04-19 22:54:28.202 [TestNG-tests-1] TC_LoginDDT_002 - *******TC_LoginDDT_002 is starting*****
[INFO ] 2020-04-19 22:54:28.829 [TestNG-tests-1] TC_LoginDDT_002 - *****providing login details****
[INFO ] 2020-04-19 22:54:29.476 [TestNG-tests-1] TC_LoginDDT_002 - *****TC_LoginDDT_002 is passed***
[INFO ] 2020-04-19 22:54:29.477 [TestNG-tests-1] TC_LoginDDT_002 - **************** Finished TC_LoginDDT_002 ************* 
[INFO ] 2020-04-19 22:54:29.481 [TestNG-tests-1] TC_LoginDDT_002 - *******TC_LoginDDT_002 is starting*****
[INFO ] 2020-04-19 22:54:30.108 [TestNG-tests-1] TC_LoginDDT_002 - *****providing login details****
[INFO ] 2020-04-19 22:54:30.752 [TestNG-tests-1] TC_LoginDDT_002 - *****TC_LoginDDT_002 is passed***
[INFO ] 2020-04-19 22:54:30.752 [TestNG-tests-1] TC_LoginDDT_002 - **************** Finished TC_LoginDDT_002 ************* 
[INFO ] 2020-04-19 22:57:09.451 [TestNG-tests-1] TC_LoginTest_001 - *******TC-LoginTest-001 starting*****
[INFO ] 2020-04-19 22:57:11.443 [TestNG-tests-1] TC_LoginTest_001 - *****providing login details****
[INFO ] 2020-04-19 22:57:18.073 [TestNG-tests-1] TC_LoginTest_001 - *****logintest passed*****
[INFO ] 2020-04-19 22:57:18.077 [TestNG-tests-1] TC_LoginTest_001 - ****finished TC logintest 001 ****
[INFO ] 2020-04-19 22:57:21.694 [TestNG-tests-1] TC_LoginDDT_002 - *******TC_LoginDDT_002 is starting*****
[INFO ] 2020-04-19 22:57:23.000 [TestNG-tests-1] TC_LoginDDT_002 - *****providing login details****
[INFO ] 2020-04-19 22:57:25.561 [TestNG-tests-1] TC_LoginDDT_002 - *****TC_LoginDDT_002 is failed***
[INFO ] 2020-04-19 22:57:25.571 [TestNG-tests-1] TC_LoginDDT_002 - *******TC_LoginDDT_002 is starting*****
[INFO ] 2020-04-19 22:57:26.560 [TestNG-tests-1] TC_LoginDDT_002 - *****providing login details****
[INFO ] 2020-04-19 22:57:28.873 [TestNG-tests-1] TC_LoginDDT_002 - *****TC_LoginDDT_002 is passed***
[INFO ] 2020-04-19 22:57:28.873 [TestNG-tests-1] TC_LoginDDT_002 - **************** Finished TC_LoginDDT_002 ************* 
[INFO ] 2020-04-19 22:57:28.880 [TestNG-tests-1] TC_LoginDDT_002 - *******TC_LoginDDT_002 is starting*****
[INFO ] 2020-04-19 22:57:29.751 [TestNG-tests-1] TC_LoginDDT_002 - *****providing login details****
[INFO ] 2020-04-19 22:57:32.434 [TestNG-tests-1] TC_LoginDDT_002 - *****TC_LoginDDT_002 is passed***
[INFO ] 2020-04-19 22:57:32.435 [TestNG-tests-1] TC_LoginDDT_002 - **************** Finished TC_LoginDDT_002 ************* 
[INFO ] 2020-04-19 22:57:32.440 [TestNG-tests-1] TC_LoginDDT_002 - *******TC_LoginDDT_002 is starting*****
[INFO ] 2020-04-19 22:57:33.133 [TestNG-tests-1] TC_LoginDDT_002 - *****providing login details****
[INFO ] 2020-04-19 22:57:35.471 [TestNG-tests-1] TC_LoginDDT_002 - *****TC_LoginDDT_002 is passed***
[INFO ] 2020-04-19 22:57:35.472 [TestNG-tests-1] TC_LoginDDT_002 - **************** Finished TC_LoginDDT_002 ************* 
[INFO ] 2020-04-19 23:11:04.976 [TestNG-tests-1] TC_LoginTest_001 - *******TC-LoginTest-001 starting*****
[INFO ] 2020-04-19 23:11:08.025 [TestNG-tests-1] TC_LoginTest_001 - *****providing login details****
[INFO ] 2020-04-19 23:11:11.501 [TestNG-tests-1] TC_LoginTest_001 - *****logintest passed*****
[INFO ] 2020-04-19 23:11:11.504 [TestNG-tests-1] TC_LoginTest_001 - ****finished TC logintest 001 ****
[INFO ] 2020-04-19 23:11:24.053 [TestNG-tests-1] TC_LoginDDT_002 - *******TC_LoginDDT_002 is starting*****
[INFO ] 2020-04-19 23:11:26.760 [TestNG-tests-1] TC_LoginDDT_002 - *****providing login details****
[INFO ] 2020-04-19 23:11:29.272 [TestNG-tests-1] TC_LoginDDT_002 - *****TC_LoginDDT_002passed***
[INFO ] 2020-04-19 23:11:30.080 [TestNG-tests-1] TC_LoginDDT_002 - **************** Finished TC_LoginDDT_002 ************* 
[INFO ] 2020-04-19 23:11:30.092 [TestNG-tests-1] TC_LoginDDT_002 - *******TC_LoginDDT_002 is starting*****
[INFO ] 2020-04-19 23:11:30.615 [TestNG-tests-1] TC_LoginDDT_002 - *****providing login details****
[INFO ] 2020-04-19 23:11:31.311 [TestNG-tests-1] TC_LoginDDT_002 - *****TC_LoginDDT_002 is passed***
[INFO ] 2020-04-19 23:11:31.311 [TestNG-tests-1] TC_LoginDDT_002 - **************** Finished TC_LoginDDT_002 ************* 
[INFO ] 2020-04-19 23:11:31.314 [TestNG-tests-1] TC_LoginDDT_002 - *******TC_LoginDDT_002 is starting*****
[INFO ] 2020-04-19 23:11:31.913 [TestNG-tests-1] TC_LoginDDT_002 - *****providing login details****
[INFO ] 2020-04-19 23:11:32.740 [TestNG-tests-1] TC_LoginDDT_002 - *****TC_LoginDDT_002 is passed***
[INFO ] 2020-04-19 23:11:32.741 [TestNG-tests-1] TC_LoginDDT_002 - **************** Finished TC_LoginDDT_002 ************* 
[INFO ] 2020-04-19 23:11:32.744 [TestNG-tests-1] TC_LoginDDT_002 - *******TC_LoginDDT_002 is starting*****
[INFO ] 2020-04-19 23:11:33.342 [TestNG-tests-1] TC_LoginDDT_002 - *****providing login details****
[INFO ] 2020-04-19 23:11:34.003 [TestNG-tests-1] TC_LoginDDT_002 - *****TC_LoginDDT_002 is passed***
[INFO ] 2020-04-19 23:11:34.003 [TestNG-tests-1] TC_LoginDDT_002 - **************** Finished TC_LoginDDT_002 ************* 
[INFO ] 2020-04-19 23:13:18.275 [TestNG-tests-1] TC_LoginTest_001 - *******TC-LoginTest-001 starting*****
[INFO ] 2020-04-19 23:13:20.028 [TestNG-tests-2] TC_LoginTest_001 - *******TC-LoginTest-001 starting*****
[INFO ] 2020-04-19 23:13:21.405 [TestNG-tests-1] TC_LoginTest_001 - *****providing login details****
[INFO ] 2020-04-19 23:13:23.931 [TestNG-tests-1] TC_LoginTest_001 - *****logintest passed*****
[INFO ] 2020-04-19 23:13:23.937 [TestNG-tests-1] TC_LoginTest_001 - ****finished TC logintest 001 ****
[INFO ] 2020-04-19 23:13:26.976 [TestNG-tests-2] TC_LoginTest_001 - *****providing login details****
[INFO ] 2020-04-19 23:13:32.260 [TestNG-tests-2] TC_LoginTest_001 - *****logintest passed*****
[INFO ] 2020-04-19 23:13:32.260 [TestNG-tests-2] TC_LoginTest_001 - ****finished TC logintest 001 ****
[INFO ] 2020-04-19 23:13:45.665 [TestNG-tests-1] TC_LoginDDT_002 - *******TC_LoginDDT_002 is starting*****
[INFO ] 2020-04-19 23:13:48.261 [TestNG-tests-1] TC_LoginDDT_002 - *****providing login details****
[INFO ] 2020-04-19 23:13:48.759 [TestNG-tests-1] TC_LoginDDT_002 - *****TC_LoginDDT_002 is failed***
[INFO ] 2020-04-19 23:13:48.810 [TestNG-tests-1] TC_LoginDDT_002 - *******TC_LoginDDT_002 is starting*****
[INFO ] 2020-04-19 23:13:49.607 [TestNG-tests-1] TC_LoginDDT_002 - *****providing login details****
[INFO ] 2020-04-19 23:13:50.089 [TestNG-tests-1] TC_LoginDDT_002 - *****TC_LoginDDT_002 is passed***
[INFO ] 2020-04-19 23:13:50.093 [TestNG-tests-1] TC_LoginDDT_002 - **************** Finished TC_LoginDDT_002 ************* 
[INFO ] 2020-04-19 23:13:50.100 [TestNG-tests-1] TC_LoginDDT_002 - *******TC_LoginDDT_002 is starting*****
[INFO ] 2020-04-19 23:13:50.797 [TestNG-tests-1] TC_LoginDDT_002 - *****providing login details****
[INFO ] 2020-04-19 23:13:51.294 [TestNG-tests-1] TC_LoginDDT_002 - *****TC_LoginDDT_002 is passed***
[INFO ] 2020-04-19 23:13:51.295 [TestNG-tests-1] TC_LoginDDT_002 - **************** Finished TC_LoginDDT_002 ************* 
[INFO ] 2020-04-19 23:13:51.299 [TestNG-tests-1] TC_LoginDDT_002 - *******TC_LoginDDT_002 is starting*****
[INFO ] 2020-04-19 23:13:52.056 [TestNG-tests-1] TC_LoginDDT_002 - *****providing login details****
[INFO ] 2020-04-19 23:13:52.548 [TestNG-tests-1] TC_LoginDDT_002 - *****TC_LoginDDT_002 is passed***
[INFO ] 2020-04-19 23:13:52.549 [TestNG-tests-1] TC_LoginDDT_002 - **************** Finished TC_LoginDDT_002 ************* 
[INFO ] 2020-04-19 23:17:05.212 [TestNG-tests-1] TC_LoginTest_001 - *******TC-LoginTest-001 starting*****
[INFO ] 2020-04-19 23:17:06.133 [TestNG-tests-2] TC_LoginTest_001 - *******TC-LoginTest-001 starting*****
[INFO ] 2020-04-19 23:17:08.478 [TestNG-tests-1] TC_LoginTest_001 - *****providing login details****
[INFO ] 2020-04-19 23:17:11.365 [TestNG-tests-2] TC_LoginTest_001 - *****providing login details****
[INFO ] 2020-04-19 23:17:12.051 [TestNG-tests-1] TC_LoginTest_001 - *****logintest passed*****
[INFO ] 2020-04-19 23:17:12.057 [TestNG-tests-1] TC_LoginTest_001 - ****finished TC logintest 001 ****
[INFO ] 2020-04-19 23:17:16.653 [TestNG-tests-2] TC_LoginTest_001 - *****logintest passed*****
[INFO ] 2020-04-19 23:17:16.654 [TestNG-tests-2] TC_LoginTest_001 - ****finished TC logintest 001 ****
[INFO ] 2020-04-19 23:17:30.238 [TestNG-tests-2] TC_LoginDDT_002 - *******TC_LoginDDT_002 is starting*****
[INFO ] 2020-04-19 23:17:30.791 [TestNG-tests-1] TC_LoginDDT_002 - *******TC_LoginDDT_002 is starting*****
[INFO ] 2020-04-19 23:17:34.403 [TestNG-tests-1] TC_LoginDDT_002 - *****providing login details****
[INFO ] 2020-04-19 23:17:35.024 [TestNG-tests-1] TC_LoginDDT_002 - *****TC_LoginDDT_002 is failed***
[INFO ] 2020-04-19 23:17:35.031 [TestNG-tests-1] TC_LoginDDT_002 - *******TC_LoginDDT_002 is starting*****
[INFO ] 2020-04-19 23:17:35.466 [TestNG-tests-2] TC_LoginDDT_002 - *****providing login details****
[INFO ] 2020-04-19 23:17:35.913 [TestNG-tests-1] TC_LoginDDT_002 - *****providing login details****
[INFO ] 2020-04-19 23:17:36.417 [TestNG-tests-1] TC_LoginDDT_002 - *****TC_LoginDDT_002 is passed***
[INFO ] 2020-04-19 23:17:36.417 [TestNG-tests-1] TC_LoginDDT_002 - **************** Finished TC_LoginDDT_002 ************* 
[INFO ] 2020-04-19 23:17:36.430 [TestNG-tests-1] TC_LoginDDT_002 - *******TC_LoginDDT_002 is starting*****
[INFO ] 2020-04-19 23:17:37.495 [TestNG-tests-1] TC_LoginDDT_002 - *****providing login details****
[INFO ] 2020-04-19 23:17:38.364 [TestNG-tests-1] TC_LoginDDT_002 - *****TC_LoginDDT_002 is passed***
[INFO ] 2020-04-19 23:17:38.364 [TestNG-tests-1] TC_LoginDDT_002 - **************** Finished TC_LoginDDT_002 ************* 
[INFO ] 2020-04-19 23:17:38.378 [TestNG-tests-1] TC_LoginDDT_002 - *******TC_LoginDDT_002 is starting*****
[INFO ] 2020-04-19 23:17:39.365 [TestNG-tests-1] TC_LoginDDT_002 - *****providing login details****
[INFO ] 2020-04-19 23:17:39.898 [TestNG-tests-2] TC_LoginDDT_002 - *****TC_LoginDDT_002passed***
[INFO ] 2020-04-19 23:17:40.372 [TestNG-tests-1] TC_LoginDDT_002 - *****TC_LoginDDT_002 is passed***
[INFO ] 2020-04-19 23:17:40.372 [TestNG-tests-1] TC_LoginDDT_002 - **************** Finished TC_LoginDDT_002 ************* 
[INFO ] 2020-04-19 23:17:40.934 [TestNG-tests-2] TC_LoginDDT_002 - **************** Finished TC_LoginDDT_002 ************* 
[INFO ] 2020-04-19 23:17:40.941 [TestNG-tests-2] TC_LoginDDT_002 - *******TC_LoginDDT_002 is starting*****
[INFO ] 2020-04-19 23:17:41.612 [TestNG-tests-2] TC_LoginDDT_002 - *****providing login details****
[INFO ] 2020-04-19 23:17:42.269 [TestNG-tests-2] TC_LoginDDT_002 - *****TC_LoginDDT_002 is passed***
[INFO ] 2020-04-19 23:17:42.270 [TestNG-tests-2] TC_LoginDDT_002 - **************** Finished TC_LoginDDT_002 ************* 
[INFO ] 2020-04-19 23:17:42.276 [TestNG-tests-2] TC_LoginDDT_002 - *******TC_LoginDDT_002 is starting*****
[INFO ] 2020-04-19 23:17:42.773 [TestNG-tests-2] TC_LoginDDT_002 - *****providing login details****
[INFO ] 2020-04-19 23:17:43.407 [TestNG-tests-2] TC_LoginDDT_002 - *****TC_LoginDDT_002 is passed***
[INFO ] 2020-04-19 23:17:43.408 [TestNG-tests-2] TC_LoginDDT_002 - **************** Finished TC_LoginDDT_002 ************* 
[INFO ] 2020-04-19 23:17:43.412 [TestNG-tests-2] TC_LoginDDT_002 - *******TC_LoginDDT_002 is starting*****
[INFO ] 2020-04-19 23:17:44.143 [TestNG-tests-2] TC_LoginDDT_002 - *****providing login details****
[INFO ] 2020-04-19 23:17:44.707 [TestNG-tests-2] TC_LoginDDT_002 - *****TC_LoginDDT_002 is passed***
[INFO ] 2020-04-19 23:17:44.708 [TestNG-tests-2] TC_LoginDDT_002 - **************** Finished TC_LoginDDT_002 ************* 
[INFO ] 2020-04-19 23:21:09.097 [TestNG-tests-1] TC_LoginTest_001 - *******TC-LoginTest-001 starting*****
[INFO ] 2020-04-19 23:21:11.385 [TestNG-tests-2] TC_LoginTest_001 - *******TC-LoginTest-001 starting*****
[INFO ] 2020-04-19 23:21:11.828 [TestNG-tests-1] TC_LoginTest_001 - *****providing login details****
[INFO ] 2020-04-19 23:21:14.702 [TestNG-tests-1] TC_LoginTest_001 - *****logintest passed*****
[INFO ] 2020-04-19 23:21:14.709 [TestNG-tests-1] TC_LoginTest_001 - ****finished TC logintest 001 ****
[INFO ] 2020-04-19 23:21:16.381 [TestNG-tests-2] TC_LoginTest_001 - *****providing login details****
[INFO ] 2020-04-19 23:21:21.267 [TestNG-tests-2] TC_LoginTest_001 - *****logintest passed*****
[INFO ] 2020-04-19 23:21:21.267 [TestNG-tests-2] TC_LoginTest_001 - ****finished TC logintest 001 ****
[INFO ] 2020-04-19 23:22:49.254 [TestNG-tests-1] TC_LoginTest_001 - *******TC-LoginTest-001 starting*****
[INFO ] 2020-04-19 23:22:51.292 [TestNG-tests-2] TC_LoginTest_001 - *******TC-LoginTest-001 starting*****
[INFO ] 2020-04-19 23:22:52.770 [TestNG-tests-1] TC_LoginTest_001 - *****providing login details****
[INFO ] 2020-04-19 23:22:55.254 [TestNG-tests-1] TC_LoginTest_001 - *****logintest passed*****
[INFO ] 2020-04-19 23:22:55.259 [TestNG-tests-1] TC_LoginTest_001 - ****finished TC logintest 001 ****
[INFO ] 2020-04-19 23:22:58.383 [TestNG-tests-2] TC_LoginTest_001 - *****providing login details****
[INFO ] 2020-04-19 23:23:02.405 [TestNG-tests-2] TC_LoginTest_001 - *****logintest passed*****
[INFO ] 2020-04-19 23:23:02.405 [TestNG-tests-2] TC_LoginTest_001 - ****finished TC logintest 001 ****
[INFO ] 2020-04-19 23:23:16.629 [TestNG-tests-1] TC_LoginDDT_002 - *******TC_LoginDDT_002 is starting*****
[INFO ] 2020-04-19 23:23:16.673 [TestNG-tests-2] TC_LoginDDT_002 - *******TC_LoginDDT_002 is starting*****
[INFO ] 2020-04-19 23:23:18.702 [TestNG-tests-1] TC_LoginDDT_002 - *****providing login details****
[INFO ] 2020-04-19 23:23:19.195 [TestNG-tests-1] TC_LoginDDT_002 - *****TC_LoginDDT_002 is failed***
[INFO ] 2020-04-19 23:23:19.202 [TestNG-tests-1] TC_LoginDDT_002 - *******TC_LoginDDT_002 is starting*****
[INFO ] 2020-04-19 23:23:20.160 [TestNG-tests-1] TC_LoginDDT_002 - *****providing login details****
[INFO ] 2020-04-19 23:23:20.743 [TestNG-tests-1] TC_LoginDDT_002 - *****TC_LoginDDT_002 is passed***
[INFO ] 2020-04-19 23:23:20.744 [TestNG-tests-1] TC_LoginDDT_002 - **************** Finished TC_LoginDDT_002 ************* 
[INFO ] 2020-04-19 23:23:20.769 [TestNG-tests-1] TC_LoginDDT_002 - *******TC_LoginDDT_002 is starting*****
[INFO ] 2020-04-19 23:23:21.488 [TestNG-tests-1] TC_LoginDDT_002 - *****providing login details****
[INFO ] 2020-04-19 23:23:21.904 [TestNG-tests-2] TC_LoginDDT_002 - *****providing login details****
[INFO ] 2020-04-19 23:23:22.445 [TestNG-tests-1] TC_LoginDDT_002 - *****TC_LoginDDT_002 is passed***
[INFO ] 2020-04-19 23:23:22.445 [TestNG-tests-1] TC_LoginDDT_002 - **************** Finished TC_LoginDDT_002 ************* 
[INFO ] 2020-04-19 23:23:22.459 [TestNG-tests-1] TC_LoginDDT_002 - *******TC_LoginDDT_002 is starting*****
[INFO ] 2020-04-19 23:23:23.082 [TestNG-tests-1] TC_LoginDDT_002 - *****providing login details****
[INFO ] 2020-04-19 23:23:23.846 [TestNG-tests-1] TC_LoginDDT_002 - *****TC_LoginDDT_002 is passed***
[INFO ] 2020-04-19 23:23:23.846 [TestNG-tests-1] TC_LoginDDT_002 - **************** Finished TC_LoginDDT_002 ************* 
[INFO ] 2020-04-19 23:23:26.266 [TestNG-tests-2] TC_LoginDDT_002 - *****TC_LoginDDT_002passed***
[INFO ] 2020-04-19 23:23:27.686 [TestNG-tests-2] TC_LoginDDT_002 - **************** Finished TC_LoginDDT_002 ************* 
[INFO ] 2020-04-19 23:23:27.698 [TestNG-tests-2] TC_LoginDDT_002 - *******TC_LoginDDT_002 is starting*****
[INFO ] 2020-04-19 23:23:28.558 [TestNG-tests-2] TC_LoginDDT_002 - *****providing login details****
[INFO ] 2020-04-19 23:23:29.165 [TestNG-tests-2] TC_LoginDDT_002 - *****TC_LoginDDT_002 is passed***
[INFO ] 2020-04-19 23:23:29.165 [TestNG-tests-2] TC_LoginDDT_002 - **************** Finished TC_LoginDDT_002 ************* 
[INFO ] 2020-04-19 23:23:29.171 [TestNG-tests-2] TC_LoginDDT_002 - *******TC_LoginDDT_002 is starting*****
[INFO ] 2020-04-19 23:23:29.673 [TestNG-tests-2] TC_LoginDDT_002 - *****providing login details****
[INFO ] 2020-04-19 23:23:30.256 [TestNG-tests-2] TC_LoginDDT_002 - *****TC_LoginDDT_002 is passed***
[INFO ] 2020-04-19 23:23:30.257 [TestNG-tests-2] TC_LoginDDT_002 - **************** Finished TC_LoginDDT_002 ************* 
[INFO ] 2020-04-19 23:23:30.267 [TestNG-tests-2] TC_LoginDDT_002 - *******TC_LoginDDT_002 is starting*****
[INFO ] 2020-04-19 23:23:30.796 [TestNG-tests-2] TC_LoginDDT_002 - *****providing login details****
[INFO ] 2020-04-19 23:23:31.087 [TestNG-tests-2] TC_LoginDDT_002 - *****TC_LoginDDT_002 is passed***
[INFO ] 2020-04-19 23:23:31.087 [TestNG-tests-2] TC_LoginDDT_002 - **************** Finished TC_LoginDDT_002 ************* 
[INFO ] 2020-04-20 00:59:12.565 [TestNG-tests-1] TC_EditCustomer_006 - *******TC-LoginTest-001 starting*****
[INFO ] 2020-04-20 00:59:14.845 [TestNG-tests-1] TC_EditCustomer_006 - *****providing login details****
[INFO ] 2020-04-20 01:47:52.176 [TestNG-tests-1] TC_EditCustomer_006 - *******TC-LoginTest-001 starting*****
[INFO ] 2020-04-20 01:47:53.777 [TestNG-tests-1] TC_EditCustomer_006 - *****providing login details****
[INFO ] 2020-04-20 01:53:08.753 [TestNG-tests-1] TC_EditCustomer_006 - *******TC-LoginTest-001 starting*****
[INFO ] 2020-04-20 01:53:10.782 [TestNG-tests-1] TC_EditCustomer_006 - *****providing login details****
[INFO ] 2020-04-20 02:30:04.955 [TestNG-tests-1] TC_EditCustomer_006 - *******TC-LoginTest-001 starting*****
[INFO ] 2020-04-20 02:30:06.468 [TestNG-tests-1] TC_EditCustomer_006 - *****providing login details****
[INFO ] 2020-04-20 02:35:11.901 [TestNG-tests-1] TC_EditCustomer_006 - *******TC-LoginTest-001 starting*****
[INFO ] 2020-04-20 02:35:13.246 [TestNG-tests-1] TC_EditCustomer_006 - *****providing login details****
[INFO ] 2020-04-20 02:56:28.063 [TestNG-tests-1] TC_DeleteCustomer_007 - *******TC-LoginTest-007 starting*****
[INFO ] 2020-04-20 02:56:29.691 [TestNG-tests-1] TC_DeleteCustomer_007 - *****providing login details****
[INFO ] 2020-04-20 02:58:14.695 [TestNG-tests-1] TC_DeleteCustomer_007 - *******TC-LoginTest-007 starting*****
[INFO ] 2020-04-20 02:58:17.285 [TestNG-tests-1] TC_DeleteCustomer_007 - *****providing login details****
[INFO ] 2020-04-20 02:58:28.306 [TestNG-tests-1] TC_DeleteCustomer_007 - ****end of testcase7*****
[INFO ] 2020-04-20 03:02:43.402 [TestNG-tests-1] TC_DeleteCustomer_007 - *******TC-LoginTest-007 starting*****
[INFO ] 2020-04-20 03:02:45.032 [TestNG-tests-1] TC_DeleteCustomer_007 - *****providing login details****
[INFO ] 2020-04-20 03:02:54.769 [TestNG-tests-1] TC_DeleteCustomer_007 - ****end of testcase7*****
[INFO ] 2020-04-20 03:05:47.991 [TestNG-tests-1] TC_LoginTest_001 - *******TC-LoginTest-001 starting*****
[INFO ] 2020-04-20 03:05:49.311 [TestNG-tests-1] TC_LoginTest_001 - *****providing login details****
[INFO ] 2020-04-20 03:05:52.327 [TestNG-tests-1] TC_LoginTest_001 - *****logintest passed*****
[INFO ] 2020-04-20 03:05:52.333 [TestNG-tests-1] TC_LoginTest_001 - ****finished TC logintest 001 ****
[INFO ] 2020-04-20 03:06:03.958 [TestNG-tests-1] TC_LoginDDT_002 - *******TC_LoginDDT_002 is starting*****
[INFO ] 2020-04-20 03:06:05.082 [TestNG-tests-1] TC_LoginDDT_002 - *****providing login details****
[INFO ] 2020-04-20 03:06:07.762 [TestNG-tests-1] TC_LoginDDT_002 - *****TC_LoginDDT_002passed***
[INFO ] 2020-04-20 03:06:08.542 [TestNG-tests-1] TC_LoginDDT_002 - **************** Finished TC_LoginDDT_002 ************* 
[INFO ] 2020-04-20 03:06:08.552 [TestNG-tests-1] TC_LoginDDT_002 - *******TC_LoginDDT_002 is starting*****
[INFO ] 2020-04-20 03:06:09.026 [TestNG-tests-1] TC_LoginDDT_002 - *****providing login details****
[INFO ] 2020-04-20 03:06:09.691 [TestNG-tests-1] TC_LoginDDT_002 - *****TC_LoginDDT_002 is passed***
[INFO ] 2020-04-20 03:06:09.691 [TestNG-tests-1] TC_LoginDDT_002 - **************** Finished TC_LoginDDT_002 ************* 
[INFO ] 2020-04-20 03:06:09.693 [TestNG-tests-1] TC_LoginDDT_002 - *******TC_LoginDDT_002 is starting*****
[INFO ] 2020-04-20 03:06:10.252 [TestNG-tests-1] TC_LoginDDT_002 - *****providing login details****
[INFO ] 2020-04-20 03:06:10.848 [TestNG-tests-1] TC_LoginDDT_002 - *****TC_LoginDDT_002 is passed***
[INFO ] 2020-04-20 03:06:10.849 [TestNG-tests-1] TC_LoginDDT_002 - **************** Finished TC_LoginDDT_002 ************* 
[INFO ] 2020-04-20 03:06:10.853 [TestNG-tests-1] TC_LoginDDT_002 - *******TC_LoginDDT_002 is starting*****
[INFO ] 2020-04-20 03:06:11.350 [TestNG-tests-1] TC_LoginDDT_002 - *****providing login details****
[INFO ] 2020-04-20 03:06:11.938 [TestNG-tests-1] TC_LoginDDT_002 - *****TC_LoginDDT_002 is passed***
[INFO ] 2020-04-20 03:06:11.938 [TestNG-tests-1] TC_LoginDDT_002 - **************** Finished TC_LoginDDT_002 ************* 
[INFO ] 2020-04-20 03:09:45.008 [TestNG-tests-1] TC_LoginTest_001 - *******TC-LoginTest-001 starting*****
[INFO ] 2020-04-20 03:09:47.922 [TestNG-tests-1] TC_LoginTest_001 - *****providing login details****
[INFO ] 2020-04-20 03:09:50.580 [TestNG-tests-1] TC_LoginTest_001 - *****logintest passed*****
[INFO ] 2020-04-20 03:09:50.583 [TestNG-tests-1] TC_LoginTest_001 - ****finished TC logintest 001 ****
[INFO ] 2020-04-20 03:10:05.156 [TestNG-tests-1] TC_LoginDDT_002 - *******TC_LoginDDT_002 is starting*****
[INFO ] 2020-04-20 03:10:07.095 [TestNG-tests-1] TC_LoginDDT_002 - *****providing login details****
[INFO ] 2020-04-20 03:10:07.518 [TestNG-tests-1] TC_LoginDDT_002 - *****TC_LoginDDT_002 is failed***
[INFO ] 2020-04-20 03:10:07.526 [TestNG-tests-1] TC_LoginDDT_002 - *******TC_LoginDDT_002 is starting*****
[INFO ] 2020-04-20 03:10:08.388 [TestNG-tests-1] TC_LoginDDT_002 - *****providing login details****
[INFO ] 2020-04-20 03:10:08.836 [TestNG-tests-1] TC_LoginDDT_002 - *****TC_LoginDDT_002 is passed***
[INFO ] 2020-04-20 03:10:08.836 [TestNG-tests-1] TC_LoginDDT_002 - **************** Finished TC_LoginDDT_002 ************* 
[INFO ] 2020-04-20 03:10:08.843 [TestNG-tests-1] TC_LoginDDT_002 - *******TC_LoginDDT_002 is starting*****
[INFO ] 2020-04-20 03:10:09.849 [TestNG-tests-1] TC_LoginDDT_002 - *****providing login details****
[INFO ] 2020-04-20 03:10:10.405 [TestNG-tests-1] TC_LoginDDT_002 - *****TC_LoginDDT_002 is passed***
[INFO ] 2020-04-20 03:10:10.405 [TestNG-tests-1] TC_LoginDDT_002 - **************** Finished TC_LoginDDT_002 ************* 
[INFO ] 2020-04-20 03:10:10.418 [TestNG-tests-1] TC_LoginDDT_002 - *******TC_LoginDDT_002 is starting*****
[INFO ] 2020-04-20 03:10:11.231 [TestNG-tests-1] TC_LoginDDT_002 - *****providing login details****
[INFO ] 2020-04-20 03:10:11.692 [TestNG-tests-1] TC_LoginDDT_002 - *****TC_LoginDDT_002 is passed***
[INFO ] 2020-04-20 03:10:11.692 [TestNG-tests-1] TC_LoginDDT_002 - **************** Finished TC_LoginDDT_002 ************* 
[INFO ] 2020-04-21 10:28:08.964 [TestNG-tests-1] TC_LoginDDT_002 - *******TC_LoginDDT_002 is starting*****
[INFO ] 2020-04-21 10:28:12.233 [TestNG-tests-1] TC_LoginDDT_002 - *****providing login details****
[INFO ] 2020-04-21 10:28:12.806 [TestNG-tests-1] TC_LoginDDT_002 - *****TC_LoginDDT_002 is failed***
[INFO ] 2020-04-21 10:28:12.853 [TestNG-tests-1] TC_LoginDDT_002 - *******TC_LoginDDT_002 is starting*****
[INFO ] 2020-04-21 10:28:14.157 [TestNG-tests-1] TC_LoginDDT_002 - *****providing login details****
[INFO ] 2020-04-21 10:28:14.654 [TestNG-tests-1] TC_LoginDDT_002 - *****TC_LoginDDT_002 is passed***
[INFO ] 2020-04-21 10:28:14.654 [TestNG-tests-1] TC_LoginDDT_002 - **************** Finished TC_LoginDDT_002 ************* 
[INFO ] 2020-04-21 10:28:14.661 [TestNG-tests-1] TC_LoginDDT_002 - *******TC_LoginDDT_002 is starting*****
[INFO ] 2020-04-21 10:28:15.594 [TestNG-tests-1] TC_LoginDDT_002 - *****providing login details****
[INFO ] 2020-04-21 10:28:17.398 [TestNG-tests-1] TC_LoginDDT_002 - *****TC_LoginDDT_002 is passed***
[INFO ] 2020-04-21 10:28:17.398 [TestNG-tests-1] TC_LoginDDT_002 - **************** Finished TC_LoginDDT_002 ************* 
[INFO ] 2020-04-21 10:28:17.409 [TestNG-tests-1] TC_LoginDDT_002 - *******TC_LoginDDT_002 is starting*****
[INFO ] 2020-04-21 10:28:18.260 [TestNG-tests-1] TC_LoginDDT_002 - *****providing login details****
[INFO ] 2020-04-21 10:28:18.915 [TestNG-tests-1] TC_LoginDDT_002 - *****TC_LoginDDT_002 is passed***
[INFO ] 2020-04-21 10:28:18.916 [TestNG-tests-1] TC_LoginDDT_002 - **************** Finished TC_LoginDDT_002 ************* 
[INFO ] 2020-04-21 10:37:32.792 [TestNG-tests-1] TC_LoginDDT_002 - *******TC_LoginDDT_002 is starting*****
[INFO ] 2020-04-21 10:37:38.823 [TestNG-tests-1] TC_LoginDDT_002 - *****providing login details****
[INFO ] 2020-04-21 10:37:39.302 [TestNG-tests-1] TC_LoginDDT_002 - *****TC_LoginDDT_002 is failed***
[INFO ] 2020-04-21 10:37:39.339 [TestNG-tests-1] TC_LoginDDT_002 - *******TC_LoginDDT_002 is starting*****
[INFO ] 2020-04-21 10:37:41.491 [TestNG-tests-1] TC_LoginDDT_002 - *****providing login details****
[INFO ] 2020-04-21 10:37:42.022 [TestNG-tests-1] TC_LoginDDT_002 - *****TC_LoginDDT_002 is passed***
[INFO ] 2020-04-21 10:37:42.022 [TestNG-tests-1] TC_LoginDDT_002 - **************** Finished TC_LoginDDT_002 ************* 
[INFO ] 2020-04-21 10:37:42.027 [TestNG-tests-1] TC_LoginDDT_002 - *******TC_LoginDDT_002 is starting*****
[INFO ] 2020-04-21 10:37:44.388 [TestNG-tests-1] TC_LoginDDT_002 - *****providing login details****
[INFO ] 2020-04-21 10:37:45.363 [TestNG-tests-1] TC_LoginDDT_002 - *****TC_LoginDDT_002 is passed***
[INFO ] 2020-04-21 10:37:45.363 [TestNG-tests-1] TC_LoginDDT_002 - **************** Finished TC_LoginDDT_002 ************* 
[INFO ] 2020-04-21 10:37:45.368 [TestNG-tests-1] TC_LoginDDT_002 - *******TC_LoginDDT_002 is starting*****
[INFO ] 2020-04-21 10:37:46.482 [TestNG-tests-1] TC_LoginDDT_002 - *****providing login details****
[INFO ] 2020-04-21 10:40:00.985 [TestNG-tests-1] TC_LoginDDT_002 - *******TC_LoginDDT_002 is starting*****
[INFO ] 2020-04-21 10:40:06.273 [TestNG-tests-1] TC_LoginDDT_002 - *****providing login details****
[INFO ] 2020-04-21 10:40:14.444 [TestNG-tests-1] TC_LoginDDT_002 - *****TC_LoginDDT_002passed***
[INFO ] 2020-04-21 10:40:19.917 [TestNG-tests-1] TC_LoginDDT_002 - **************** Finished TC_LoginDDT_002 ************* 
[INFO ] 2020-04-21 10:40:19.973 [TestNG-tests-1] TC_LoginDDT_002 - *******TC_LoginDDT_002 is starting*****
[INFO ] 2020-04-21 10:40:21.807 [TestNG-tests-1] TC_LoginDDT_002 - *****providing login details****
[INFO ] 2020-04-21 10:40:22.773 [TestNG-tests-1] TC_LoginDDT_002 - *****TC_LoginDDT_002 is passed***
[INFO ] 2020-04-21 10:40:22.773 [TestNG-tests-1] TC_LoginDDT_002 - **************** Finished TC_LoginDDT_002 ************* 
[INFO ] 2020-04-21 10:40:22.785 [TestNG-tests-1] TC_LoginDDT_002 - *******TC_LoginDDT_002 is starting*****
[INFO ] 2020-04-21 10:40:25.225 [TestNG-tests-1] TC_LoginDDT_002 - *****providing login details****
[INFO ] 2020-04-21 10:40:26.240 [TestNG-tests-1] TC_LoginDDT_002 - *****TC_LoginDDT_002 is passed***
[INFO ] 2020-04-21 10:40:26.240 [TestNG-tests-1] TC_LoginDDT_002 - **************** Finished TC_LoginDDT_002 ************* 
[INFO ] 2020-04-21 10:40:26.248 [TestNG-tests-1] TC_LoginDDT_002 - *******TC_LoginDDT_002 is starting*****
[INFO ] 2020-04-21 10:40:28.162 [TestNG-tests-1] TC_LoginDDT_002 - *****providing login details****
[INFO ] 2020-04-21 10:40:29.308 [TestNG-tests-1] TC_LoginDDT_002 - *****TC_LoginDDT_002 is passed***
[INFO ] 2020-04-21 10:40:29.308 [TestNG-tests-1] TC_LoginDDT_002 - **************** Finished TC_LoginDDT_002 ************* 
[INFO ] 2020-04-21 10:44:42.344 [TestNG-tests-1] TC_LoginDDT_002 - *******TC_LoginDDT_002 is starting*****
[INFO ] 2020-04-21 10:44:46.056 [TestNG-tests-1] TC_LoginDDT_002 - *****providing login details****
[INFO ] 2020-04-21 10:44:49.483 [TestNG-tests-1] TC_LoginDDT_002 - *****TC_LoginDDT_002passed***
[INFO ] 2020-04-21 10:44:53.450 [TestNG-tests-1] TC_LoginDDT_002 - **************** Finished TC_LoginDDT_002 ************* 
[INFO ] 2020-04-21 10:44:53.476 [TestNG-tests-1] TC_LoginDDT_002 - *******TC_LoginDDT_002 is starting*****
[INFO ] 2020-04-21 10:44:54.304 [TestNG-tests-1] TC_LoginDDT_002 - *****providing login details****
[INFO ] 2020-04-21 10:44:54.814 [TestNG-tests-1] TC_LoginDDT_002 - *****TC_LoginDDT_002 is passed***
[INFO ] 2020-04-21 10:44:54.814 [TestNG-tests-1] TC_LoginDDT_002 - **************** Finished TC_LoginDDT_002 ************* 
[INFO ] 2020-04-21 10:44:54.818 [TestNG-tests-1] TC_LoginDDT_002 - *******TC_LoginDDT_002 is starting*****
[INFO ] 2020-04-21 10:44:55.767 [TestNG-tests-1] TC_LoginDDT_002 - *****providing login details****
[INFO ] 2020-04-21 10:44:56.369 [TestNG-tests-1] TC_LoginDDT_002 - *****TC_LoginDDT_002 is passed***
[INFO ] 2020-04-21 10:44:56.369 [TestNG-tests-1] TC_LoginDDT_002 - **************** Finished TC_LoginDDT_002 ************* 
[INFO ] 2020-04-21 10:44:56.379 [TestNG-tests-1] TC_LoginDDT_002 - *******TC_LoginDDT_002 is starting*****
[INFO ] 2020-04-21 10:44:57.220 [TestNG-tests-1] TC_LoginDDT_002 - *****providing login details****
[INFO ] 2020-04-21 10:44:57.646 [TestNG-tests-1] TC_LoginDDT_002 - *****TC_LoginDDT_002 is passed***
[INFO ] 2020-04-21 10:44:57.646 [TestNG-tests-1] TC_LoginDDT_002 - **************** Finished TC_LoginDDT_002 ************* 
[INFO ] 2020-04-21 15:49:12.118 [TestNG-tests-1] TC_LoginDDT_002 - *******TC_LoginDDT_002 is starting*****
[INFO ] 2020-04-21 15:49:14.033 [TestNG-tests-1] TC_LoginDDT_002 - *****providing login details****
[INFO ] 2020-04-21 15:49:14.500 [TestNG-tests-1] TC_LoginDDT_002 - *****TC_LoginDDT_002 is failed***
[INFO ] 2020-04-21 15:49:14.546 [TestNG-tests-1] TC_LoginDDT_002 - *******TC_LoginDDT_002 is starting*****
[INFO ] 2020-04-21 15:49:15.704 [TestNG-tests-1] TC_LoginDDT_002 - *****providing login details****
[INFO ] 2020-04-21 15:49:16.222 [TestNG-tests-1] TC_LoginDDT_002 - *****TC_LoginDDT_002 is passed***
[INFO ] 2020-04-21 15:49:16.222 [TestNG-tests-1] TC_LoginDDT_002 - **************** Finished TC_LoginDDT_002 ************* 
[INFO ] 2020-04-21 15:49:16.237 [TestNG-tests-1] TC_LoginDDT_002 - *******TC_LoginDDT_002 is starting*****
[INFO ] 2020-04-21 15:49:17.457 [TestNG-tests-1] TC_LoginDDT_002 - *****providing login details****
[INFO ] 2020-04-21 15:49:18.085 [TestNG-tests-1] TC_LoginDDT_002 - *****TC_LoginDDT_002 is passed***
[INFO ] 2020-04-21 15:49:18.085 [TestNG-tests-1] TC_LoginDDT_002 - **************** Finished TC_LoginDDT_002 ************* 
[INFO ] 2020-04-21 15:49:18.090 [TestNG-tests-1] TC_LoginDDT_002 - *******TC_LoginDDT_002 is starting*****
[INFO ] 2020-04-21 15:49:19.545 [TestNG-tests-1] TC_LoginDDT_002 - *****providing login details****
[INFO ] 2020-04-21 15:49:20.216 [TestNG-tests-1] TC_LoginDDT_002 - *****TC_LoginDDT_002 is passed***
[INFO ] 2020-04-21 15:49:20.216 [TestNG-tests-1] TC_LoginDDT_002 - **************** Finished TC_LoginDDT_002 ************* 
[INFO ] 2020-04-21 15:49:20.223 [TestNG-tests-1] TC_LoginDDT_002 - *******TC_LoginDDT_002 is starting*****
[INFO ] 2020-04-21 15:49:21.199 [TestNG-tests-1] TC_LoginDDT_002 - *****providing login details****
[INFO ] 2020-04-21 15:49:21.553 [TestNG-tests-1] TC_LoginDDT_002 - **************** Finished TC_LoginDDT_002 ************* 
[INFO ] 2020-04-21 15:49:21.571 [TestNG-tests-1] TC_LoginDDT_002 - *******TC_LoginDDT_002 is starting*****
[INFO ] 2020-04-21 15:49:22.597 [TestNG-tests-1] TC_LoginDDT_002 - *****providing login details****
[INFO ] 2020-04-21 15:49:23.468 [TestNG-tests-1] TC_LoginDDT_002 - **************** Finished TC_LoginDDT_002 ************* 
[INFO ] 2020-04-21 15:49:23.472 [TestNG-tests-1] TC_LoginDDT_002 - *******TC_LoginDDT_002 is starting*****
[INFO ] 2020-04-21 15:49:24.363 [TestNG-tests-1] TC_LoginDDT_002 - *****providing login details****
[INFO ] 2020-04-21 15:49:24.749 [TestNG-tests-1] TC_LoginDDT_002 - **************** Finished TC_LoginDDT_002 ************* 
[INFO ] 2020-04-21 15:49:24.754 [TestNG-tests-1] TC_LoginDDT_002 - *******TC_LoginDDT_002 is starting*****
[INFO ] 2020-04-21 15:49:26.456 [TestNG-tests-1] TC_LoginDDT_002 - *****providing login details****
[INFO ] 2020-04-21 15:49:27.111 [TestNG-tests-1] TC_LoginDDT_002 - **************** Finished TC_LoginDDT_002 ************* 
[INFO ] 2020-04-21 15:49:27.120 [TestNG-tests-1] TC_LoginDDT_002 - *******TC_LoginDDT_002 is starting*****
[INFO ] 2020-04-21 15:49:28.421 [TestNG-tests-1] TC_LoginDDT_002 - *****providing login details****
[INFO ] 2020-04-21 15:49:28.786 [TestNG-tests-1] TC_LoginDDT_002 - **************** Finished TC_LoginDDT_002 ************* 
[INFO ] 2020-04-21 15:50:47.565 [TestNG-tests-1] TC_LoginDDT_002 - *******TC_LoginDDT_002 is starting*****
[INFO ] 2020-04-21 15:50:50.756 [TestNG-tests-1] TC_LoginDDT_002 - *****providing login details****
[INFO ] 2020-04-21 15:50:51.194 [TestNG-tests-1] TC_LoginDDT_002 - *****TC_LoginDDT_002 is failed***
[INFO ] 2020-04-21 15:50:51.220 [TestNG-tests-1] TC_LoginDDT_002 - *******TC_LoginDDT_002 is starting*****
[INFO ] 2020-04-21 15:50:52.460 [TestNG-tests-1] TC_LoginDDT_002 - *****providing login details****
[INFO ] 2020-04-21 15:50:52.931 [TestNG-tests-1] TC_LoginDDT_002 - *****TC_LoginDDT_002 is passed***
[INFO ] 2020-04-21 15:50:52.932 [TestNG-tests-1] TC_LoginDDT_002 - **************** Finished TC_LoginDDT_002 ************* 
[INFO ] 2020-04-21 15:50:52.936 [TestNG-tests-1] TC_LoginDDT_002 - *******TC_LoginDDT_002 is starting*****
[INFO ] 2020-04-21 15:50:53.861 [TestNG-tests-1] TC_LoginDDT_002 - *****providing login details****
[INFO ] 2020-04-21 15:50:54.348 [TestNG-tests-1] TC_LoginDDT_002 - *****TC_LoginDDT_002 is passed***
[INFO ] 2020-04-21 15:50:54.348 [TestNG-tests-1] TC_LoginDDT_002 - **************** Finished TC_LoginDDT_002 ************* 
[INFO ] 2020-04-21 15:50:54.353 [TestNG-tests-1] TC_LoginDDT_002 - *******TC_LoginDDT_002 is starting*****
[INFO ] 2020-04-21 15:50:55.403 [TestNG-tests-1] TC_LoginDDT_002 - *****providing login details****
[INFO ] 2020-04-21 15:50:56.298 [TestNG-tests-1] TC_LoginDDT_002 - *****TC_LoginDDT_002 is passed***
[INFO ] 2020-04-21 15:50:56.298 [TestNG-tests-1] TC_LoginDDT_002 - **************** Finished TC_LoginDDT_002 ************* 
[INFO ] 2020-04-21 15:50:56.301 [TestNG-tests-1] TC_LoginDDT_002 - *******TC_LoginDDT_002 is starting*****
[INFO ] 2020-04-21 15:50:57.381 [TestNG-tests-1] TC_LoginDDT_002 - *****providing login details****
[INFO ] 2020-04-21 15:50:57.789 [TestNG-tests-1] TC_LoginDDT_002 - **************** Finished TC_LoginDDT_002 ************* 
[INFO ] 2020-04-21 15:50:57.794 [TestNG-tests-1] TC_LoginDDT_002 - *******TC_LoginDDT_002 is starting*****
[INFO ] 2020-04-21 15:50:58.744 [TestNG-tests-1] TC_LoginDDT_002 - *****providing login details****
[INFO ] 2020-04-21 15:50:59.173 [TestNG-tests-1] TC_LoginDDT_002 - **************** Finished TC_LoginDDT_002 ************* 
[INFO ] 2020-04-21 15:50:59.177 [TestNG-tests-1] TC_LoginDDT_002 - *******TC_LoginDDT_002 is starting*****
[INFO ] 2020-04-21 15:51:00.012 [TestNG-tests-1] TC_LoginDDT_002 - *****providing login details****
[INFO ] 2020-04-21 15:51:00.401 [TestNG-tests-1] TC_LoginDDT_002 - **************** Finished TC_LoginDDT_002 ************* 
[INFO ] 2020-04-21 15:51:00.404 [TestNG-tests-1] TC_LoginDDT_002 - *******TC_LoginDDT_002 is starting*****
[INFO ] 2020-04-21 15:51:01.149 [TestNG-tests-1] TC_LoginDDT_002 - *****providing login details****
[INFO ] 2020-04-21 15:51:01.493 [TestNG-tests-1] TC_LoginDDT_002 - **************** Finished TC_LoginDDT_002 ************* 
[INFO ] 2020-04-21 15:51:01.496 [TestNG-tests-1] TC_LoginDDT_002 - *******TC_LoginDDT_002 is starting*****
[INFO ] 2020-04-21 15:51:02.272 [TestNG-tests-1] TC_LoginDDT_002 - *****providing login details****
[INFO ] 2020-04-21 15:51:02.607 [TestNG-tests-1] TC_LoginDDT_002 - **************** Finished TC_LoginDDT_002 ************* 
[INFO ] 2020-04-21 15:56:58.536 [TestNG-tests-1] TC_LoginTest_001 - *******TC-LoginTest-001 starting*****
[INFO ] 2020-04-21 15:57:01.375 [TestNG-tests-1] TC_LoginTest_001 - *****providing login details****
[INFO ] 2020-04-21 15:57:06.370 [TestNG-tests-1] TC_LoginTest_001 - *****logintest passed*****
[INFO ] 2020-04-21 15:57:06.376 [TestNG-tests-1] TC_LoginTest_001 - ****finished TC logintest 001 ****
[INFO ] 2020-04-21 15:57:20.415 [TestNG-tests-1] TC_LoginDDT_002 - *******TC_LoginDDT_002 is starting*****
[INFO ] 2020-04-21 15:57:22.673 [TestNG-tests-1] TC_LoginDDT_002 - *****providing login details****
[INFO ] 2020-04-21 15:57:27.068 [TestNG-tests-1] TC_LoginDDT_002 - *****TC_LoginDDT_002passed***
[INFO ] 2020-04-21 15:57:31.083 [TestNG-tests-1] TC_LoginDDT_002 - **************** Finished TC_LoginDDT_002 ************* 
[INFO ] 2020-04-21 15:57:31.091 [TestNG-tests-1] TC_LoginDDT_002 - *******TC_LoginDDT_002 is starting*****
[INFO ] 2020-04-21 15:57:31.759 [TestNG-tests-1] TC_LoginDDT_002 - *****providing login details****
[INFO ] 2020-04-21 15:57:32.501 [TestNG-tests-1] TC_LoginDDT_002 - *****TC_LoginDDT_002 is passed***
[INFO ] 2020-04-21 15:57:32.501 [TestNG-tests-1] TC_LoginDDT_002 - **************** Finished TC_LoginDDT_002 ************* 
[INFO ] 2020-04-21 15:57:32.506 [TestNG-tests-1] TC_LoginDDT_002 - *******TC_LoginDDT_002 is starting*****
[INFO ] 2020-04-21 15:57:33.309 [TestNG-tests-1] TC_LoginDDT_002 - *****providing login details****
[INFO ] 2020-04-21 15:57:34.063 [TestNG-tests-1] TC_LoginDDT_002 - *****TC_LoginDDT_002 is passed***
[INFO ] 2020-04-21 15:57:34.063 [TestNG-tests-1] TC_LoginDDT_002 - **************** Finished TC_LoginDDT_002 ************* 
[INFO ] 2020-04-21 15:57:34.069 [TestNG-tests-1] TC_LoginDDT_002 - *******TC_LoginDDT_002 is starting*****
[INFO ] 2020-04-21 15:57:34.730 [TestNG-tests-1] TC_LoginDDT_002 - *****providing login details****
[INFO ] 2020-04-21 15:57:35.452 [TestNG-tests-1] TC_LoginDDT_002 - *****TC_LoginDDT_002 is passed***
[INFO ] 2020-04-21 15:57:35.453 [TestNG-tests-1] TC_LoginDDT_002 - **************** Finished TC_LoginDDT_002 ************* 
[INFO ] 2020-04-21 15:57:35.460 [TestNG-tests-1] TC_LoginDDT_002 - *******TC_LoginDDT_002 is starting*****
[INFO ] 2020-04-21 15:57:35.987 [TestNG-tests-1] TC_LoginDDT_002 - *****providing login details****
[INFO ] 2020-04-21 15:57:36.281 [TestNG-tests-1] TC_LoginDDT_002 - **************** Finished TC_LoginDDT_002 ************* 
[INFO ] 2020-04-21 15:57:36.286 [TestNG-tests-1] TC_LoginDDT_002 - *******TC_LoginDDT_002 is starting*****
[INFO ] 2020-04-21 15:57:37.201 [TestNG-tests-1] TC_LoginDDT_002 - *****providing login details****
[INFO ] 2020-04-21 15:57:37.878 [TestNG-tests-1] TC_LoginDDT_002 - **************** Finished TC_LoginDDT_002 ************* 
[INFO ] 2020-04-21 15:57:37.882 [TestNG-tests-1] TC_LoginDDT_002 - *******TC_LoginDDT_002 is starting*****
[INFO ] 2020-04-21 15:57:38.756 [TestNG-tests-1] TC_LoginDDT_002 - *****providing login details****
[INFO ] 2020-04-21 15:57:39.324 [TestNG-tests-1] TC_LoginDDT_002 - **************** Finished TC_LoginDDT_002 ************* 
[INFO ] 2020-04-21 15:57:39.329 [TestNG-tests-1] TC_LoginDDT_002 - *******TC_LoginDDT_002 is starting*****
[INFO ] 2020-04-21 15:57:39.931 [TestNG-tests-1] TC_LoginDDT_002 - *****providing login details****
[INFO ] 2020-04-21 15:57:40.211 [TestNG-tests-1] TC_LoginDDT_002 - **************** Finished TC_LoginDDT_002 ************* 
[INFO ] 2020-04-21 15:57:40.220 [TestNG-tests-1] TC_LoginDDT_002 - *******TC_LoginDDT_002 is starting*****
[INFO ] 2020-04-21 15:57:40.909 [TestNG-tests-1] TC_LoginDDT_002 - *****providing login details****
[INFO ] 2020-04-21 15:57:41.177 [TestNG-tests-1] TC_LoginDDT_002 - **************** Finished TC_LoginDDT_002 ************* 
[INFO ] 2020-04-21 16:19:59.842 [TestNG-tests-1] TC_LoginTest_001 - *******TC-LoginTest-001 starting*****
[INFO ] 2020-04-21 16:20:03.242 [TestNG-tests-1] TC_LoginTest_001 - *****providing login details****
[INFO ] 2020-04-21 16:20:06.118 [TestNG-tests-1] TC_LoginTest_001 - *****logintest passed*****
[INFO ] 2020-04-21 16:20:06.127 [TestNG-tests-1] TC_LoginTest_001 - ****finished TC logintest 001 ****
[INFO ] 2020-04-21 16:20:19.136 [TestNG-tests-1] TC_LoginDDT_002 - *******TC_LoginDDT_002 is starting*****
[INFO ] 2020-04-21 16:20:20.834 [TestNG-tests-1] TC_LoginDDT_002 - *****providing login details****
[INFO ] 2020-04-21 16:20:24.302 [TestNG-tests-1] TC_LoginDDT_002 - *****TC_LoginDDT_002passed***
[INFO ] 2020-04-21 16:20:28.541 [TestNG-tests-1] TC_LoginDDT_002 - **************** Finished TC_LoginDDT_002 ************* 
[INFO ] 2020-04-21 16:20:28.545 [TestNG-tests-1] TC_LoginDDT_002 - *******TC_LoginDDT_002 is starting*****
[INFO ] 2020-04-21 16:20:29.479 [TestNG-tests-1] TC_LoginDDT_002 - *****providing login details****
[INFO ] 2020-04-21 16:20:30.390 [TestNG-tests-1] TC_LoginDDT_002 - *****TC_LoginDDT_002 is passed***
[INFO ] 2020-04-21 16:20:30.390 [TestNG-tests-1] TC_LoginDDT_002 - **************** Finished TC_LoginDDT_002 ************* 
[INFO ] 2020-04-21 16:20:30.396 [TestNG-tests-1] TC_LoginDDT_002 - *******TC_LoginDDT_002 is starting*****
[INFO ] 2020-04-21 16:20:31.076 [TestNG-tests-1] TC_LoginDDT_002 - *****providing login details****
[INFO ] 2020-04-21 16:20:31.922 [TestNG-tests-1] TC_LoginDDT_002 - *****TC_LoginDDT_002 is passed***
[INFO ] 2020-04-21 16:20:31.923 [TestNG-tests-1] TC_LoginDDT_002 - **************** Finished TC_LoginDDT_002 ************* 
[INFO ] 2020-04-21 16:20:31.926 [TestNG-tests-1] TC_LoginDDT_002 - *******TC_LoginDDT_002 is starting*****
[INFO ] 2020-04-21 16:20:32.641 [TestNG-tests-1] TC_LoginDDT_002 - *****providing login details****
[INFO ] 2020-04-21 16:20:33.369 [TestNG-tests-1] TC_LoginDDT_002 - *****TC_LoginDDT_002 is passed***
[INFO ] 2020-04-21 16:20:33.370 [TestNG-tests-1] TC_LoginDDT_002 - **************** Finished TC_LoginDDT_002 ************* 
[INFO ] 2020-04-21 16:20:33.374 [TestNG-tests-1] TC_LoginDDT_002 - *******TC_LoginDDT_002 is starting*****
[INFO ] 2020-04-21 16:20:34.383 [TestNG-tests-1] TC_LoginDDT_002 - *****providing login details****
[INFO ] 2020-04-21 16:20:34.666 [TestNG-tests-1] TC_LoginDDT_002 - **************** Finished TC_LoginDDT_002 ************* 
[INFO ] 2020-04-21 16:20:34.670 [TestNG-tests-1] TC_LoginDDT_002 - *******TC_LoginDDT_002 is starting*****
[INFO ] 2020-04-21 16:20:35.433 [TestNG-tests-1] TC_LoginDDT_002 - *****providing login details****
[INFO ] 2020-04-21 16:20:35.699 [TestNG-tests-1] TC_LoginDDT_002 - **************** Finished TC_LoginDDT_002 ************* 
[INFO ] 2020-04-21 16:20:35.704 [TestNG-tests-1] TC_LoginDDT_002 - *******TC_LoginDDT_002 is starting*****
[INFO ] 2020-04-21 16:20:36.265 [TestNG-tests-1] TC_LoginDDT_002 - *****providing login details****
[INFO ] 2020-04-21 16:20:36.517 [TestNG-tests-1] TC_LoginDDT_002 - **************** Finished TC_LoginDDT_002 ************* 
[INFO ] 2020-04-21 16:20:36.521 [TestNG-tests-1] TC_LoginDDT_002 - *******TC_LoginDDT_002 is starting*****
[INFO ] 2020-04-21 16:20:37.218 [TestNG-tests-1] TC_LoginDDT_002 - *****providing login details****
[INFO ] 2020-04-21 16:20:37.512 [TestNG-tests-1] TC_LoginDDT_002 - **************** Finished TC_LoginDDT_002 ************* 
[INFO ] 2020-04-21 16:20:37.515 [TestNG-tests-1] TC_LoginDDT_002 - *******TC_LoginDDT_002 is starting*****
[INFO ] 2020-04-21 16:20:38.273 [TestNG-tests-1] TC_LoginDDT_002 - *****providing login details****
[INFO ] 2020-04-21 16:20:38.552 [TestNG-tests-1] TC_LoginDDT_002 - **************** Finished TC_LoginDDT_002 ************* 
[INFO ] 2020-04-21 16:21:21.851 [TestNG-tests-1] TC_LoginTest_001 - *******TC-LoginTest-001 starting*****
[INFO ] 2020-04-21 16:21:24.100 [TestNG-tests-1] TC_LoginTest_001 - *****providing login details****
[INFO ] 2020-04-21 16:21:27.495 [TestNG-tests-1] TC_LoginTest_001 - *****logintest passed*****
[INFO ] 2020-04-21 16:21:27.499 [TestNG-tests-1] TC_LoginTest_001 - ****finished TC logintest 001 ****
[INFO ] 2020-04-21 16:22:54.679 [TestNG-tests-1] TC_LoginTest_001 - *******TC-LoginTest-001 starting*****
[INFO ] 2020-04-21 16:22:56.525 [TestNG-tests-1] TC_LoginTest_001 - *****providing login details****
[INFO ] 2020-04-21 16:23:00.487 [TestNG-tests-1] TC_LoginTest_001 - *****logintest passed*****
[INFO ] 2020-04-21 16:23:00.492 [TestNG-tests-1] TC_LoginTest_001 - ****finished TC logintest 001 ****
[INFO ] 2020-04-21 16:23:13.319 [TestNG-tests-1] TC_LoginDDT_002 - *******TC_LoginDDT_002 is starting*****
[INFO ] 2020-04-21 16:23:15.037 [TestNG-tests-1] TC_LoginDDT_002 - *****providing login details****
[INFO ] 2020-04-21 16:23:18.873 [TestNG-tests-1] TC_LoginDDT_002 - *****TC_LoginDDT_002passed***
[INFO ] 2020-04-21 16:23:22.992 [TestNG-tests-1] TC_LoginDDT_002 - **************** Finished TC_LoginDDT_002 ************* 
[INFO ] 2020-04-21 16:23:23.006 [TestNG-tests-1] TC_LoginDDT_002 - *******TC_LoginDDT_002 is starting*****
[INFO ] 2020-04-21 16:23:23.824 [TestNG-tests-1] TC_LoginDDT_002 - *****providing login details****
[INFO ] 2020-04-21 16:23:24.611 [TestNG-tests-1] TC_LoginDDT_002 - *****TC_LoginDDT_002 is passed***
[INFO ] 2020-04-21 16:23:24.611 [TestNG-tests-1] TC_LoginDDT_002 - **************** Finished TC_LoginDDT_002 ************* 
[INFO ] 2020-04-21 16:23:24.621 [TestNG-tests-1] TC_LoginDDT_002 - *******TC_LoginDDT_002 is starting*****
[INFO ] 2020-04-21 16:23:25.208 [TestNG-tests-1] TC_LoginDDT_002 - *****providing login details****
[INFO ] 2020-04-21 16:23:25.975 [TestNG-tests-1] TC_LoginDDT_002 - *****TC_LoginDDT_002 is passed***
[INFO ] 2020-04-21 16:23:25.975 [TestNG-tests-1] TC_LoginDDT_002 - **************** Finished TC_LoginDDT_002 ************* 
[INFO ] 2020-04-21 16:23:25.984 [TestNG-tests-1] TC_LoginDDT_002 - *******TC_LoginDDT_002 is starting*****
[INFO ] 2020-04-21 16:23:26.502 [TestNG-tests-1] TC_LoginDDT_002 - *****providing login details****
[INFO ] 2020-04-21 16:23:27.231 [TestNG-tests-1] TC_LoginDDT_002 - *****TC_LoginDDT_002 is passed***
[INFO ] 2020-04-21 16:23:27.231 [TestNG-tests-1] TC_LoginDDT_002 - **************** Finished TC_LoginDDT_002 ************* 
[INFO ] 2020-04-21 16:23:27.233 [TestNG-tests-1] TC_LoginDDT_002 - *******TC_LoginDDT_002 is starting*****
[INFO ] 2020-04-21 16:23:27.847 [TestNG-tests-1] TC_LoginDDT_002 - *****providing login details****
[INFO ] 2020-04-21 16:23:28.138 [TestNG-tests-1] TC_LoginDDT_002 - **************** Finished TC_LoginDDT_002 ************* 
[INFO ] 2020-04-21 16:23:28.144 [TestNG-tests-1] TC_LoginDDT_002 - *******TC_LoginDDT_002 is starting*****
[INFO ] 2020-04-21 16:23:28.671 [TestNG-tests-1] TC_LoginDDT_002 - *****providing login details****
[INFO ] 2020-04-21 16:23:28.918 [TestNG-tests-1] TC_LoginDDT_002 - **************** Finished TC_LoginDDT_002 ************* 
[INFO ] 2020-04-21 16:23:28.925 [TestNG-tests-1] TC_LoginDDT_002 - *******TC_LoginDDT_002 is starting*****
[INFO ] 2020-04-21 16:23:29.536 [TestNG-tests-1] TC_LoginDDT_002 - *****providing login details****
[INFO ] 2020-04-21 16:23:29.823 [TestNG-tests-1] TC_LoginDDT_002 - **************** Finished TC_LoginDDT_002 ************* 
[INFO ] 2020-04-21 16:23:29.831 [TestNG-tests-1] TC_LoginDDT_002 - *******TC_LoginDDT_002 is starting*****
[INFO ] 2020-04-21 16:23:30.407 [TestNG-tests-1] TC_LoginDDT_002 - *****providing login details****
[INFO ] 2020-04-21 16:23:30.667 [TestNG-tests-1] TC_LoginDDT_002 - **************** Finished TC_LoginDDT_002 ************* 
[INFO ] 2020-04-21 16:23:30.675 [TestNG-tests-1] TC_LoginDDT_002 - *******TC_LoginDDT_002 is starting*****
[INFO ] 2020-04-21 16:23:31.311 [TestNG-tests-1] TC_LoginDDT_002 - *****providing login details****
[INFO ] 2020-04-21 16:23:31.591 [TestNG-tests-1] TC_LoginDDT_002 - **************** Finished TC_LoginDDT_002 ************* 
[INFO ] 2020-04-21 16:26:42.727 [TestNG-tests-1] TC_LoginTest_001 - *******TC-LoginTest-001 starting*****
[INFO ] 2020-04-21 16:26:44.639 [TestNG-tests-1] TC_LoginTest_001 - *****providing login details****
[INFO ] 2020-04-21 16:26:48.398 [TestNG-tests-1] TC_LoginTest_001 - *****logintest passed*****
[INFO ] 2020-04-21 16:26:48.402 [TestNG-tests-1] TC_LoginTest_001 - ****finished TC logintest 001 ****
[INFO ] 2020-04-21 16:27:01.184 [TestNG-tests-1] TC_LoginDDT_002 - *******TC_LoginDDT_002 is starting*****
[INFO ] 2020-04-21 16:27:03.510 [TestNG-tests-1] TC_LoginDDT_002 - *****providing login details****
[INFO ] 2020-04-21 16:27:06.188 [TestNG-tests-1] TC_LoginDDT_002 - *****TC_LoginDDT_002passed***
[INFO ] 2020-04-21 16:27:10.437 [TestNG-tests-1] TC_LoginDDT_002 - **************** Finished TC_LoginDDT_002 ************* 
[INFO ] 2020-04-21 16:27:10.444 [TestNG-tests-1] TC_LoginDDT_002 - *******TC_LoginDDT_002 is starting*****
[INFO ] 2020-04-21 16:27:11.027 [TestNG-tests-1] TC_LoginDDT_002 - *****providing login details****
[INFO ] 2020-04-21 16:27:11.785 [TestNG-tests-1] TC_LoginDDT_002 - *****TC_LoginDDT_002 is passed***
[INFO ] 2020-04-21 16:27:11.786 [TestNG-tests-1] TC_LoginDDT_002 - **************** Finished TC_LoginDDT_002 ************* 
[INFO ] 2020-04-21 16:27:11.791 [TestNG-tests-1] TC_LoginDDT_002 - *******TC_LoginDDT_002 is starting*****
[INFO ] 2020-04-21 16:27:12.414 [TestNG-tests-1] TC_LoginDDT_002 - *****providing login details****
[INFO ] 2020-04-21 16:27:13.208 [TestNG-tests-1] TC_LoginDDT_002 - *****TC_LoginDDT_002 is passed***
[INFO ] 2020-04-21 16:27:13.209 [TestNG-tests-1] TC_LoginDDT_002 - **************** Finished TC_LoginDDT_002 ************* 
[INFO ] 2020-04-21 16:27:13.217 [TestNG-tests-1] TC_LoginDDT_002 - *******TC_LoginDDT_002 is starting*****
[INFO ] 2020-04-21 16:27:14.000 [TestNG-tests-1] TC_LoginDDT_002 - *****providing login details****
[INFO ] 2020-04-21 16:27:14.721 [TestNG-tests-1] TC_LoginDDT_002 - *****TC_LoginDDT_002 is passed***
[INFO ] 2020-04-21 16:27:14.721 [TestNG-tests-1] TC_LoginDDT_002 - **************** Finished TC_LoginDDT_002 ************* 
[INFO ] 2020-04-21 16:27:14.729 [TestNG-tests-1] TC_LoginDDT_002 - *******TC_LoginDDT_002 is starting*****
[INFO ] 2020-04-21 16:27:15.370 [TestNG-tests-1] TC_LoginDDT_002 - *****providing login details****
[INFO ] 2020-04-21 16:27:15.657 [TestNG-tests-1] TC_LoginDDT_002 - **************** Finished TC_LoginDDT_002 ************* 
[INFO ] 2020-04-21 16:27:15.661 [TestNG-tests-1] TC_LoginDDT_002 - *******TC_LoginDDT_002 is starting*****
[INFO ] 2020-04-21 16:27:16.295 [TestNG-tests-1] TC_LoginDDT_002 - *****providing login details****
[INFO ] 2020-04-21 16:27:16.542 [TestNG-tests-1] TC_LoginDDT_002 - **************** Finished TC_LoginDDT_002 ************* 
[INFO ] 2020-04-21 16:27:16.546 [TestNG-tests-1] TC_LoginDDT_002 - *******TC_LoginDDT_002 is starting*****
[INFO ] 2020-04-21 16:27:17.179 [TestNG-tests-1] TC_LoginDDT_002 - *****providing login details****
[INFO ] 2020-04-21 16:27:17.482 [TestNG-tests-1] TC_LoginDDT_002 - **************** Finished TC_LoginDDT_002 ************* 
[INFO ] 2020-04-21 16:27:17.490 [TestNG-tests-1] TC_LoginDDT_002 - *******TC_LoginDDT_002 is starting*****
[INFO ] 2020-04-21 16:27:18.280 [TestNG-tests-1] TC_LoginDDT_002 - *****providing login details****
[INFO ] 2020-04-21 16:27:18.565 [TestNG-tests-1] TC_LoginDDT_002 - **************** Finished TC_LoginDDT_002 ************* 
[INFO ] 2020-04-21 16:27:18.571 [TestNG-tests-1] TC_LoginDDT_002 - *******TC_LoginDDT_002 is starting*****
[INFO ] 2020-04-21 16:27:19.212 [TestNG-tests-1] TC_LoginDDT_002 - *****providing login details****
[INFO ] 2020-04-21 16:27:19.495 [TestNG-tests-1] TC_LoginDDT_002 - **************** Finished TC_LoginDDT_002 ************* 
[INFO ] 2020-04-21 16:43:41.241 [TestNG-tests-1] TC_LoginTest_001 - *******TC-LoginTest-001 starting*****
[INFO ] 2020-04-21 16:43:43.235 [TestNG-tests-1] TC_LoginTest_001 - *****providing login details****
[INFO ] 2020-04-21 16:43:47.055 [TestNG-tests-1] TC_LoginTest_001 - *****logintest passed*****
[INFO ] 2020-04-21 16:43:47.058 [TestNG-tests-1] TC_LoginTest_001 - ****finished TC logintest 001 ****
[INFO ] 2020-04-21 16:43:59.885 [TestNG-tests-1] TC_LoginDDT_002 - *******TC_LoginDDT_002 is starting*****
[INFO ] 2020-04-21 16:44:03.368 [TestNG-tests-1] TC_LoginDDT_002 - *****providing login details****
[INFO ] 2020-04-21 16:44:08.085 [TestNG-tests-1] TC_LoginDDT_002 - *****TC_LoginDDT_002passed***
[INFO ] 2020-04-21 16:44:12.336 [TestNG-tests-1] TC_LoginDDT_002 - **************** Finished TC_LoginDDT_002 ************* 
[INFO ] 2020-04-21 16:44:12.339 [TestNG-tests-1] TC_LoginDDT_002 - *******TC_LoginDDT_002 is starting*****
[INFO ] 2020-04-21 16:44:13.766 [TestNG-tests-1] TC_LoginDDT_002 - *****providing login details****
[INFO ] 2020-04-21 16:44:14.489 [TestNG-tests-1] TC_LoginDDT_002 - *****TC_LoginDDT_002 is passed***
[INFO ] 2020-04-21 16:44:14.489 [TestNG-tests-1] TC_LoginDDT_002 - **************** Finished TC_LoginDDT_002 ************* 
[INFO ] 2020-04-21 16:44:14.493 [TestNG-tests-1] TC_LoginDDT_002 - *******TC_LoginDDT_002 is starting*****
[INFO ] 2020-04-21 16:44:15.106 [TestNG-tests-1] TC_LoginDDT_002 - *****providing login details****
[INFO ] 2020-04-21 16:44:15.780 [TestNG-tests-1] TC_LoginDDT_002 - *****TC_LoginDDT_002 is passed***
[INFO ] 2020-04-21 16:44:15.781 [TestNG-tests-1] TC_LoginDDT_002 - **************** Finished TC_LoginDDT_002 ************* 
[INFO ] 2020-04-21 16:44:15.786 [TestNG-tests-1] TC_LoginDDT_002 - *******TC_LoginDDT_002 is starting*****
[INFO ] 2020-04-21 16:44:16.453 [TestNG-tests-1] TC_LoginDDT_002 - *****providing login details****
[INFO ] 2020-04-21 16:44:17.110 [TestNG-tests-1] TC_LoginDDT_002 - *****TC_LoginDDT_002 is passed***
[INFO ] 2020-04-21 16:44:17.110 [TestNG-tests-1] TC_LoginDDT_002 - **************** Finished TC_LoginDDT_002 ************* 
[INFO ] 2020-04-21 16:48:48.962 [TestNG-tests-1] TC_LoginTest_001 - *******TC-LoginTest-001 starting*****
[INFO ] 2020-04-21 16:48:52.801 [TestNG-tests-1] TC_LoginTest_001 - *****providing login details****
[INFO ] 2020-04-21 16:48:56.470 [TestNG-tests-1] TC_LoginTest_001 - *****logintest passed*****
[INFO ] 2020-04-21 16:48:56.475 [TestNG-tests-1] TC_LoginTest_001 - ****finished TC logintest 001 ****
[INFO ] 2020-04-21 16:49:15.137 [TestNG-tests-1] TC_LoginDDT_002 - *******TC_LoginDDT_002 is starting*****
[INFO ] 2020-04-21 16:49:19.106 [TestNG-tests-1] TC_LoginDDT_002 - *****providing login details****
[INFO ] 2020-04-21 16:49:19.523 [TestNG-tests-1] TC_LoginDDT_002 - *****TC_LoginDDT_002 is failed***
[INFO ] 2020-04-21 16:49:19.603 [TestNG-tests-1] TC_LoginDDT_002 - *******TC_LoginDDT_002 is starting*****
[INFO ] 2020-04-21 16:49:20.625 [TestNG-tests-1] TC_LoginDDT_002 - *****providing login details****
[INFO ] 2020-04-21 16:49:21.008 [TestNG-tests-1] TC_LoginDDT_002 - *****TC_LoginDDT_002 is passed***
[INFO ] 2020-04-21 16:49:21.008 [TestNG-tests-1] TC_LoginDDT_002 - **************** Finished TC_LoginDDT_002 ************* 
[INFO ] 2020-04-21 16:49:21.016 [TestNG-tests-1] TC_LoginDDT_002 - *******TC_LoginDDT_002 is starting*****
[INFO ] 2020-04-21 16:49:22.137 [TestNG-tests-1] TC_LoginDDT_002 - *****providing login details****
[INFO ] 2020-04-21 16:49:23.787 [TestNG-tests-1] TC_LoginDDT_002 - *****TC_LoginDDT_002 is passed***
[INFO ] 2020-04-21 16:49:23.788 [TestNG-tests-1] TC_LoginDDT_002 - **************** Finished TC_LoginDDT_002 ************* 
[INFO ] 2020-04-21 16:49:23.792 [TestNG-tests-1] TC_LoginDDT_002 - *******TC_LoginDDT_002 is starting*****
[INFO ] 2020-04-21 16:49:24.861 [TestNG-tests-1] TC_LoginDDT_002 - *****providing login details****
[INFO ] 2020-04-21 16:49:25.479 [TestNG-tests-1] TC_LoginDDT_002 - *****TC_LoginDDT_002 is passed***
[INFO ] 2020-04-21 16:49:25.480 [TestNG-tests-1] TC_LoginDDT_002 - **************** Finished TC_LoginDDT_002 ************* 
[INFO ] 2020-04-21 16:54:25.284 [TestNG-tests-1] TC_LoginTest_001 - *******TC-LoginTest-001 starting*****
[INFO ] 2020-04-21 16:54:27.227 [TestNG-tests-1] TC_LoginTest_001 - *****providing login details****
[INFO ] 2020-04-21 16:54:29.981 [TestNG-tests-1] TC_LoginTest_001 - *****logintest passed*****
[INFO ] 2020-04-21 16:54:29.986 [TestNG-tests-1] TC_LoginTest_001 - ****finished TC logintest 001 ****
[INFO ] 2020-04-21 16:54:50.163 [TestNG-tests-1] TC_LoginDDT_002 - *******TC_LoginDDT_002 is starting*****
[INFO ] 2020-04-21 16:54:52.339 [TestNG-tests-1] TC_LoginDDT_002 - *****providing login details****
[INFO ] 2020-04-21 16:54:54.991 [TestNG-tests-1] TC_LoginDDT_002 - *****TC_LoginDDT_002passed***
[INFO ] 2020-04-21 16:54:59.195 [TestNG-tests-1] TC_LoginDDT_002 - **************** Finished TC_LoginDDT_002 ************* 
[INFO ] 2020-04-21 16:54:59.204 [TestNG-tests-1] TC_LoginDDT_002 - *******TC_LoginDDT_002 is starting*****
[INFO ] 2020-04-21 16:55:00.428 [TestNG-tests-1] TC_LoginDDT_002 - *****providing login details****
[INFO ] 2020-04-21 16:55:00.845 [TestNG-tests-1] TC_LoginDDT_002 - *****TC_LoginDDT_002 is passed***
[INFO ] 2020-04-21 16:55:00.846 [TestNG-tests-1] TC_LoginDDT_002 - **************** Finished TC_LoginDDT_002 ************* 
[INFO ] 2020-04-21 16:55:00.862 [TestNG-tests-1] TC_LoginDDT_002 - *******TC_LoginDDT_002 is starting*****
[INFO ] 2020-04-21 16:55:02.084 [TestNG-tests-1] TC_LoginDDT_002 - *****providing login details****
[INFO ] 2020-04-21 16:55:03.287 [TestNG-tests-1] TC_LoginDDT_002 - *****TC_LoginDDT_002 is passed***
[INFO ] 2020-04-21 16:55:03.287 [TestNG-tests-1] TC_LoginDDT_002 - **************** Finished TC_LoginDDT_002 ************* 
[INFO ] 2020-04-21 16:55:03.299 [TestNG-tests-1] TC_LoginDDT_002 - *******TC_LoginDDT_002 is starting*****
[INFO ] 2020-04-21 16:55:04.195 [TestNG-tests-1] TC_LoginDDT_002 - *****providing login details****
[INFO ] 2020-04-21 16:55:04.765 [TestNG-tests-1] TC_LoginDDT_002 - *****TC_LoginDDT_002 is passed***
[INFO ] 2020-04-21 16:55:04.765 [TestNG-tests-1] TC_LoginDDT_002 - **************** Finished TC_LoginDDT_002 ************* 
[INFO ] 2020-04-21 16:59:03.986 [TestNG-tests-1] TC_LoginTest_001 - *******TC-LoginTest-001 starting*****
[INFO ] 2020-04-21 16:59:07.560 [TestNG-tests-1] TC_LoginTest_001 - *****providing login details****
[INFO ] 2020-04-21 16:59:10.599 [TestNG-tests-1] TC_LoginTest_001 - *****logintest passed*****
[INFO ] 2020-04-21 16:59:10.602 [TestNG-tests-1] TC_LoginTest_001 - ****finished TC logintest 001 ****
[INFO ] 2020-04-21 16:59:29.407 [TestNG-tests-1] TC_LoginDDT_002 - *******TC_LoginDDT_002 is starting*****
[INFO ] 2020-04-21 16:59:33.177 [TestNG-tests-1] TC_LoginDDT_002 - *****providing login details****
[INFO ] 2020-04-21 16:59:36.034 [TestNG-tests-1] TC_LoginDDT_002 - *****TC_LoginDDT_002passed***
[INFO ] 2020-04-21 16:59:40.097 [TestNG-tests-1] TC_LoginDDT_002 - **************** Finished TC_LoginDDT_002 ************* 
[INFO ] 2020-04-21 16:59:40.102 [TestNG-tests-1] TC_LoginDDT_002 - *******TC_LoginDDT_002 is starting*****
[INFO ] 2020-04-21 16:59:40.919 [TestNG-tests-1] TC_LoginDDT_002 - *****providing login details****
[INFO ] 2020-04-21 16:59:41.611 [TestNG-tests-1] TC_LoginDDT_002 - *****TC_LoginDDT_002 is passed***
[INFO ] 2020-04-21 16:59:41.611 [TestNG-tests-1] TC_LoginDDT_002 - **************** Finished TC_LoginDDT_002 ************* 
[INFO ] 2020-04-21 16:59:41.618 [TestNG-tests-1] TC_LoginDDT_002 - *******TC_LoginDDT_002 is starting*****
[INFO ] 2020-04-21 16:59:42.432 [TestNG-tests-1] TC_LoginDDT_002 - *****providing login details****
[INFO ] 2020-04-21 16:59:43.049 [TestNG-tests-1] TC_LoginDDT_002 - *****TC_LoginDDT_002 is passed***
[INFO ] 2020-04-21 16:59:43.049 [TestNG-tests-1] TC_LoginDDT_002 - **************** Finished TC_LoginDDT_002 ************* 
[INFO ] 2020-04-21 16:59:43.061 [TestNG-tests-1] TC_LoginDDT_002 - *******TC_LoginDDT_002 is starting*****
[INFO ] 2020-04-21 16:59:44.208 [TestNG-tests-1] TC_LoginDDT_002 - *****providing login details****
[INFO ] 2020-04-21 16:59:44.759 [TestNG-tests-1] TC_LoginDDT_002 - *****TC_LoginDDT_002 is passed***
[INFO ] 2020-04-21 16:59:44.759 [TestNG-tests-1] TC_LoginDDT_002 - **************** Finished TC_LoginDDT_002 ************* 
[INFO ] 2020-04-21 17:02:46.247 [TestNG-tests-1] TC_LoginTest_001 - *******TC-LoginTest-001 starting*****
[INFO ] 2020-04-21 17:02:48.382 [TestNG-tests-1] TC_LoginTest_001 - *****providing login details****
[INFO ] 2020-04-21 17:02:56.068 [TestNG-tests-1] TC_LoginTest_001 - *****logintest passed*****
[INFO ] 2020-04-21 17:02:56.072 [TestNG-tests-1] TC_LoginTest_001 - ****finished TC logintest 001 ****
[INFO ] 2020-04-21 17:03:00.678 [TestNG-tests-1] TC_LoginDDT_002 - *******TC_LoginDDT_002 is starting*****
[INFO ] 2020-04-21 17:03:02.435 [TestNG-tests-1] TC_LoginDDT_002 - *****providing login details****
[INFO ] 2020-04-21 17:03:08.189 [TestNG-tests-1] TC_LoginDDT_002 - *****TC_LoginDDT_002passed***
[INFO ] 2020-04-21 17:03:13.703 [TestNG-tests-1] TC_LoginDDT_002 - **************** Finished TC_LoginDDT_002 ************* 
[INFO ] 2020-04-21 17:03:13.717 [TestNG-tests-1] TC_LoginDDT_002 - *******TC_LoginDDT_002 is starting*****
[INFO ] 2020-04-21 17:03:14.558 [TestNG-tests-1] TC_LoginDDT_002 - *****providing login details****
[INFO ] 2020-04-21 17:03:17.930 [TestNG-tests-1] TC_LoginDDT_002 - *****TC_LoginDDT_002 is passed***
[INFO ] 2020-04-21 17:03:17.931 [TestNG-tests-1] TC_LoginDDT_002 - **************** Finished TC_LoginDDT_002 ************* 
[INFO ] 2020-04-21 17:03:17.935 [TestNG-tests-1] TC_LoginDDT_002 - *******TC_LoginDDT_002 is starting*****
[INFO ] 2020-04-21 17:03:19.079 [TestNG-tests-1] TC_LoginDDT_002 - *****providing login details****
[INFO ] 2020-04-21 17:03:22.056 [TestNG-tests-1] TC_LoginDDT_002 - *****TC_LoginDDT_002 is passed***
[INFO ] 2020-04-21 17:03:22.056 [TestNG-tests-1] TC_LoginDDT_002 - **************** Finished TC_LoginDDT_002 ************* 
[INFO ] 2020-04-21 17:03:22.061 [TestNG-tests-1] TC_LoginDDT_002 - *******TC_LoginDDT_002 is starting*****
[INFO ] 2020-04-21 17:03:22.964 [TestNG-tests-1] TC_LoginDDT_002 - *****providing login details****
[INFO ] 2020-04-21 17:03:26.777 [TestNG-tests-1] TC_LoginDDT_002 - *****TC_LoginDDT_002 is passed***
[INFO ] 2020-04-21 17:03:26.777 [TestNG-tests-1] TC_LoginDDT_002 - **************** Finished TC_LoginDDT_002 ************* 
[INFO ] 2020-04-21 17:09:10.685 [TestNG-tests-1] TC_LoginTest_001 - *******TC-LoginTest-001 starting*****
[INFO ] 2020-04-21 17:09:15.184 [TestNG-tests-1] TC_LoginTest_001 - *****providing login details****
[INFO ] 2020-04-21 17:09:18.306 [TestNG-tests-1] TC_LoginTest_001 - *****logintest passed*****
[INFO ] 2020-04-21 17:09:18.312 [TestNG-tests-1] TC_LoginTest_001 - ****finished TC logintest 001 ****
[INFO ] 2020-04-21 17:09:37.148 [TestNG-tests-1] TC_LoginDDT_002 - *******TC_LoginDDT_002 is starting*****
[INFO ] 2020-04-21 17:09:40.039 [TestNG-tests-1] TC_LoginDDT_002 - *****providing login details****
[INFO ] 2020-04-21 17:09:42.875 [TestNG-tests-1] TC_LoginDDT_002 - *****TC_LoginDDT_002passed***
[INFO ] 2020-04-21 17:09:47.115 [TestNG-tests-1] TC_LoginDDT_002 - **************** Finished TC_LoginDDT_002 ************* 
[INFO ] 2020-04-21 17:09:47.120 [TestNG-tests-1] TC_LoginDDT_002 - *******TC_LoginDDT_002 is starting*****
[INFO ] 2020-04-21 17:09:48.498 [TestNG-tests-1] TC_LoginDDT_002 - *****providing login details****
[INFO ] 2020-04-21 17:09:49.131 [TestNG-tests-1] TC_LoginDDT_002 - *****TC_LoginDDT_002 is passed***
[INFO ] 2020-04-21 17:09:49.131 [TestNG-tests-1] TC_LoginDDT_002 - **************** Finished TC_LoginDDT_002 ************* 
[INFO ] 2020-04-21 17:09:49.134 [TestNG-tests-1] TC_LoginDDT_002 - *******TC_LoginDDT_002 is starting*****
[INFO ] 2020-04-21 17:09:49.934 [TestNG-tests-1] TC_LoginDDT_002 - *****providing login details****
[INFO ] 2020-04-21 17:09:50.454 [TestNG-tests-1] TC_LoginDDT_002 - *****TC_LoginDDT_002 is passed***
[INFO ] 2020-04-21 17:09:50.454 [TestNG-tests-1] TC_LoginDDT_002 - **************** Finished TC_LoginDDT_002 ************* 
[INFO ] 2020-04-21 17:09:50.458 [TestNG-tests-1] TC_LoginDDT_002 - *******TC_LoginDDT_002 is starting*****
[INFO ] 2020-04-21 17:09:51.426 [TestNG-tests-1] TC_LoginDDT_002 - *****providing login details****
[INFO ] 2020-04-21 17:09:52.008 [TestNG-tests-1] TC_LoginDDT_002 - *****TC_LoginDDT_002 is passed***
[INFO ] 2020-04-21 17:09:52.008 [TestNG-tests-1] TC_LoginDDT_002 - **************** Finished TC_LoginDDT_002 ************* 
[INFO ] 2020-04-21 17:10:16.451 [TestNG-tests-1] TC_AddCustomerTest_003 - ***************   TC_AddCustomerTest_003 statred  *********** 
[INFO ] 2020-04-21 17:10:20.537 [TestNG-tests-1] TC_AddCustomerTest_003 - ***************  Providing customer details  *********** 
[INFO ] 2020-04-21 17:10:31.417 [TestNG-tests-1] TC_AddCustomerTest_003 - ***************  Customer added succesfully *********** 
[INFO ] 2020-04-21 17:10:31.418 [TestNG-tests-1] TC_AddCustomerTest_003 - ***************   TC_AddCustomerTest_003 Finished  *********** 
[INFO ] 2020-04-21 17:10:45.583 [TestNG-tests-1] TC_SearchCustomerByEmail_004 - *******TC-SearchCustomerByEmail_004*****
[INFO ] 2020-04-21 17:10:48.932 [TestNG-tests-1] TC_SearchCustomerByEmail_004 - *****providing login details****
[INFO ] 2020-04-21 17:10:57.104 [TestNG-tests-1] TC_SearchCustomerByEmail_004 - ****end of testcase4*****
[INFO ] 2020-04-21 17:11:10.518 [TestNG-tests-1] TC_SearchCustomerByName_005 - *******TC-SearchCustomerByName_005*****
[INFO ] 2020-04-21 17:11:15.145 [TestNG-tests-1] TC_SearchCustomerByName_005 - *****providing login details****
[INFO ] 2020-04-21 17:11:24.357 [TestNG-tests-1] TC_SearchCustomerByName_005 - ****end of testcase5*****
[INFO ] 2020-04-21 17:13:43.068 [TestNG-tests-2] TC_LoginTest_001 - *******TC-LoginTest-001 starting*****
[INFO ] 2020-04-21 17:13:46.186 [TestNG-tests-2] TC_LoginTest_001 - *****providing login details****
[INFO ] 2020-04-21 17:13:52.128 [TestNG-tests-1] TC_LoginTest_001 - *******TC-LoginTest-001 starting*****
[INFO ] 2020-04-21 17:13:55.213 [TestNG-tests-3] TC_LoginTest_001 - *******TC-LoginTest-001 starting*****
[INFO ] 2020-04-21 17:13:56.549 [TestNG-tests-1] TC_LoginTest_001 - *****providing login details****
[INFO ] 2020-04-21 17:13:57.793 [TestNG-tests-2] TC_LoginTest_001 - *****logintest passed*****
[INFO ] 2020-04-21 17:13:57.796 [TestNG-tests-2] TC_LoginTest_001 - ****finished TC logintest 001 ****
[INFO ] 2020-04-21 17:14:00.588 [TestNG-tests-1] TC_LoginTest_001 - *****logintest passed*****
[INFO ] 2020-04-21 17:14:00.588 [TestNG-tests-1] TC_LoginTest_001 - ****finished TC logintest 001 ****
[INFO ] 2020-04-21 17:14:05.079 [TestNG-tests-3] TC_LoginTest_001 - *****providing login details****
[INFO ] 2020-04-21 17:14:05.866 [TestNG-tests-2] TC_LoginDDT_002 - *******TC_LoginDDT_002 is starting*****
[INFO ] 2020-04-21 17:14:09.276 [TestNG-tests-2] TC_LoginDDT_002 - *****providing login details****
[INFO ] 2020-04-21 17:14:12.322 [TestNG-tests-3] TC_LoginTest_001 - *****logintest passed*****
[INFO ] 2020-04-21 17:14:12.322 [TestNG-tests-3] TC_LoginTest_001 - ****finished TC logintest 001 ****
[INFO ] 2020-04-21 17:14:20.701 [TestNG-tests-2] TC_LoginDDT_002 - *****TC_LoginDDT_002passed***
[INFO ] 2020-04-21 17:14:24.763 [TestNG-tests-2] TC_LoginDDT_002 - **************** Finished TC_LoginDDT_002 ************* 
[INFO ] 2020-04-21 17:14:24.767 [TestNG-tests-2] TC_LoginDDT_002 - *******TC_LoginDDT_002 is starting*****
[INFO ] 2020-04-21 17:14:26.835 [TestNG-tests-1] TC_LoginDDT_002 - *******TC_LoginDDT_002 is starting*****
[INFO ] 2020-04-21 17:14:27.362 [TestNG-tests-3] TC_LoginDDT_002 - *******TC_LoginDDT_002 is starting*****
[INFO ] 2020-04-21 17:14:28.131 [TestNG-tests-2] TC_LoginDDT_002 - *****providing login details****
[INFO ] 2020-04-21 17:14:31.596 [TestNG-tests-1] TC_LoginDDT_002 - *****providing login details****
[INFO ] 2020-04-21 17:14:33.644 [TestNG-tests-3] TC_LoginDDT_002 - *****providing login details****
[INFO ] 2020-04-21 17:14:36.213 [TestNG-tests-1] TC_LoginDDT_002 - *****TC_LoginDDT_002passed***
[INFO ] 2020-04-21 17:14:38.440 [TestNG-tests-2] TC_LoginDDT_002 - *******TC_LoginDDT_002 is starting*****
[INFO ] 2020-04-21 17:14:38.634 [TestNG-tests-3] TC_LoginDDT_002 - *****TC_LoginDDT_002passed***
[INFO ] 2020-04-21 17:14:40.262 [TestNG-tests-1] TC_LoginDDT_002 - **************** Finished TC_LoginDDT_002 ************* 
[INFO ] 2020-04-21 17:14:40.275 [TestNG-tests-1] TC_LoginDDT_002 - *******TC_LoginDDT_002 is starting*****
[INFO ] 2020-04-21 17:14:41.255 [TestNG-tests-1] TC_LoginDDT_002 - *****providing login details****
[INFO ] 2020-04-21 17:14:41.562 [TestNG-tests-2] TC_LoginDDT_002 - *****providing login details****
[INFO ] 2020-04-21 17:14:42.065 [TestNG-tests-1] TC_LoginDDT_002 - *****TC_LoginDDT_002 is passed***
[INFO ] 2020-04-21 17:14:42.066 [TestNG-tests-1] TC_LoginDDT_002 - **************** Finished TC_LoginDDT_002 ************* 
[INFO ] 2020-04-21 17:14:42.075 [TestNG-tests-1] TC_LoginDDT_002 - *******TC_LoginDDT_002 is starting*****
[INFO ] 2020-04-21 17:14:43.339 [TestNG-tests-3] TC_LoginDDT_002 - **************** Finished TC_LoginDDT_002 ************* 
[INFO ] 2020-04-21 17:14:43.345 [TestNG-tests-3] TC_LoginDDT_002 - *******TC_LoginDDT_002 is starting*****
[INFO ] 2020-04-21 17:14:43.443 [TestNG-tests-1] TC_LoginDDT_002 - *****providing login details****
[INFO ] 2020-04-21 17:14:44.145 [TestNG-tests-3] TC_LoginDDT_002 - *****providing login details****
[INFO ] 2020-04-21 17:14:44.252 [TestNG-tests-1] TC_LoginDDT_002 - *****TC_LoginDDT_002 is passed***
[INFO ] 2020-04-21 17:14:44.252 [TestNG-tests-1] TC_LoginDDT_002 - **************** Finished TC_LoginDDT_002 ************* 
[INFO ] 2020-04-21 17:14:44.258 [TestNG-tests-1] TC_LoginDDT_002 - *******TC_LoginDDT_002 is starting*****
[INFO ] 2020-04-21 17:14:44.991 [TestNG-tests-3] TC_LoginDDT_002 - *****TC_LoginDDT_002 is passed***
[INFO ] 2020-04-21 17:14:44.991 [TestNG-tests-3] TC_LoginDDT_002 - **************** Finished TC_LoginDDT_002 ************* 
[INFO ] 2020-04-21 17:14:45.004 [TestNG-tests-3] TC_LoginDDT_002 - *******TC_LoginDDT_002 is starting*****
[INFO ] 2020-04-21 17:14:45.268 [TestNG-tests-1] TC_LoginDDT_002 - *****providing login details****
[INFO ] 2020-04-21 17:14:45.901 [TestNG-tests-3] TC_LoginDDT_002 - *****providing login details****
[INFO ] 2020-04-21 17:14:46.088 [TestNG-tests-1] TC_LoginDDT_002 - *****TC_LoginDDT_002 is passed***
[INFO ] 2020-04-21 17:14:46.088 [TestNG-tests-1] TC_LoginDDT_002 - **************** Finished TC_LoginDDT_002 ************* 
[INFO ] 2020-04-21 17:14:46.986 [TestNG-tests-3] TC_LoginDDT_002 - *****TC_LoginDDT_002 is passed***
[INFO ] 2020-04-21 17:14:46.986 [TestNG-tests-3] TC_LoginDDT_002 - **************** Finished TC_LoginDDT_002 ************* 
[INFO ] 2020-04-21 17:14:46.992 [TestNG-tests-3] TC_LoginDDT_002 - *******TC_LoginDDT_002 is starting*****
[INFO ] 2020-04-21 17:14:47.726 [TestNG-tests-3] TC_LoginDDT_002 - *****providing login details****
[INFO ] 2020-04-21 17:14:48.640 [TestNG-tests-3] TC_LoginDDT_002 - *****TC_LoginDDT_002 is passed***
[INFO ] 2020-04-21 17:14:48.640 [TestNG-tests-3] TC_LoginDDT_002 - **************** Finished TC_LoginDDT_002 ************* 
[INFO ] 2020-04-21 17:14:51.766 [TestNG-tests-2] TC_LoginDDT_002 - *******TC_LoginDDT_002 is starting*****
[INFO ] 2020-04-21 17:14:54.741 [TestNG-tests-2] TC_LoginDDT_002 - *****providing login details****
[INFO ] 2020-04-21 17:15:13.850 [TestNG-tests-3] TC_AddCustomerTest_003 - ***************   TC_AddCustomerTest_003 statred  *********** 
[INFO ] 2020-04-21 17:15:17.855 [TestNG-tests-3] TC_AddCustomerTest_003 - ***************  Providing customer details  *********** 
[INFO ] 2020-04-21 17:15:19.693 [TestNG-tests-1] TC_AddCustomerTest_003 - ***************   TC_AddCustomerTest_003 statred  *********** 
[INFO ] 2020-04-21 17:15:20.375 [TestNG-tests-2] TC_AddCustomerTest_003 - ***************   TC_AddCustomerTest_003 statred  *********** 
[INFO ] 2020-04-21 17:15:28.748 [TestNG-tests-1] TC_AddCustomerTest_003 - ***************  Providing customer details  *********** 
[INFO ] 2020-04-21 17:15:30.416 [TestNG-tests-3] TC_AddCustomerTest_003 - ***************  Customer added succesfully *********** 
[INFO ] 2020-04-21 17:15:30.416 [TestNG-tests-3] TC_AddCustomerTest_003 - ***************   TC_AddCustomerTest_003 Finished  *********** 
[INFO ] 2020-04-21 17:15:33.509 [TestNG-tests-2] TC_AddCustomerTest_003 - ***************  Providing customer details  *********** 
[INFO ] 2020-04-21 17:15:40.105 [TestNG-tests-1] TC_AddCustomerTest_003 - ***************  Customer added succesfully *********** 
[INFO ] 2020-04-21 17:15:40.105 [TestNG-tests-1] TC_AddCustomerTest_003 - ***************   TC_AddCustomerTest_003 Finished  *********** 
[INFO ] 2020-04-21 17:15:43.999 [TestNG-tests-3] TC_SearchCustomerByEmail_004 - *******TC-SearchCustomerByEmail_004*****
[INFO ] 2020-04-21 17:15:50.107 [TestNG-tests-3] TC_SearchCustomerByEmail_004 - *****providing login details****
[INFO ] 2020-04-21 17:15:59.312 [TestNG-tests-2] TC_AddCustomerTest_003 - ***************  Customer added succesfully *********** 
[INFO ] 2020-04-21 17:15:59.312 [TestNG-tests-2] TC_AddCustomerTest_003 - ***************   TC_AddCustomerTest_003 Finished  *********** 
[INFO ] 2020-04-21 17:16:01.092 [TestNG-tests-3] TC_SearchCustomerByEmail_004 - ****end of testcase4*****
[INFO ] 2020-04-21 17:16:02.380 [TestNG-tests-2] TC_SearchCustomerByEmail_004 - *******TC-SearchCustomerByEmail_004*****
[INFO ] 2020-04-21 17:16:03.987 [TestNG-tests-2] TC_SearchCustomerByEmail_004 - *****providing login details****
[INFO ] 2020-04-21 17:16:06.780 [TestNG-tests-1] TC_SearchCustomerByEmail_004 - *******TC-SearchCustomerByEmail_004*****
[INFO ] 2020-04-21 17:16:11.403 [TestNG-tests-1] TC_SearchCustomerByEmail_004 - *****providing login details****
[INFO ] 2020-04-21 17:16:14.146 [TestNG-tests-3] TC_SearchCustomerByName_005 - *******TC-SearchCustomerByName_005*****
[INFO ] 2020-04-21 17:16:17.998 [TestNG-tests-3] TC_SearchCustomerByName_005 - *****providing login details****
[INFO ] 2020-04-21 17:16:22.594 [TestNG-tests-1] TC_SearchCustomerByEmail_004 - ****end of testcase4*****
[INFO ] 2020-04-21 17:16:27.403 [TestNG-tests-2] TC_SearchCustomerByEmail_004 - ****end of testcase4*****
[INFO ] 2020-04-21 17:16:29.007 [TestNG-tests-3] TC_SearchCustomerByName_005 - ****end of testcase5*****
[INFO ] 2020-04-21 17:16:30.141 [TestNG-tests-2] TC_SearchCustomerByName_005 - *******TC-SearchCustomerByName_005*****
[INFO ] 2020-04-21 17:16:31.288 [TestNG-tests-2] TC_SearchCustomerByName_005 - *****providing login details****
[INFO ] 2020-04-21 17:16:41.943 [TestNG-tests-1] TC_SearchCustomerByName_005 - *******TC-SearchCustomerByName_005*****
[INFO ] 2020-04-21 17:16:45.670 [TestNG-tests-1] TC_SearchCustomerByName_005 - *****providing login details****
[INFO ] 2020-04-21 17:16:52.181 [TestNG-tests-2] TC_SearchCustomerByName_005 - ****end of testcase5*****
[INFO ] 2020-04-21 17:16:54.975 [TestNG-tests-1] TC_SearchCustomerByName_005 - ****end of testcase5*****
[INFO ] 2020-04-21 17:44:44.625 [TestNG-tests-1] TC_LoginTest_001 - *******TC-LoginTest-001 starting*****
[INFO ] 2020-04-21 17:44:46.397 [TestNG-tests-1] TC_LoginTest_001 - *****providing login details****
[INFO ] 2020-04-21 17:44:53.102 [TestNG-tests-1] TC_LoginTest_001 - *****logintest passed*****
[INFO ] 2020-04-21 17:44:53.104 [TestNG-tests-1] TC_LoginTest_001 - ****finished TC logintest 001 ****
[INFO ] 2020-04-21 17:44:56.643 [TestNG-tests-1] TC_LoginDDT_002 - *******TC_LoginDDT_002 is starting*****
[INFO ] 2020-04-21 17:44:58.337 [TestNG-tests-1] TC_LoginDDT_002 - *****providing login details****
[INFO ] 2020-04-21 17:45:03.964 [TestNG-tests-1] TC_LoginDDT_002 - *****TC_LoginDDT_002passed***
[INFO ] 2020-04-21 17:45:09.007 [TestNG-tests-1] TC_LoginDDT_002 - **************** Finished TC_LoginDDT_002 ************* 
[INFO ] 2020-04-21 17:45:09.011 [TestNG-tests-1] TC_LoginDDT_002 - *******TC_LoginDDT_002 is starting*****
[INFO ] 2020-04-21 17:45:10.109 [TestNG-tests-1] TC_LoginDDT_002 - *****providing login details****
[INFO ] 2020-04-21 17:45:13.509 [TestNG-tests-1] TC_LoginDDT_002 - *****TC_LoginDDT_002 is passed***
[INFO ] 2020-04-21 17:45:13.509 [TestNG-tests-1] TC_LoginDDT_002 - **************** Finished TC_LoginDDT_002 ************* 
[INFO ] 2020-04-21 17:45:13.515 [TestNG-tests-1] TC_LoginDDT_002 - *******TC_LoginDDT_002 is starting*****
[INFO ] 2020-04-21 17:45:14.686 [TestNG-tests-1] TC_LoginDDT_002 - *****providing login details****
[INFO ] 2020-04-21 17:45:18.072 [TestNG-tests-1] TC_LoginDDT_002 - *****TC_LoginDDT_002 is passed***
[INFO ] 2020-04-21 17:45:18.073 [TestNG-tests-1] TC_LoginDDT_002 - **************** Finished TC_LoginDDT_002 ************* 
[INFO ] 2020-04-21 17:45:18.076 [TestNG-tests-1] TC_LoginDDT_002 - *******TC_LoginDDT_002 is starting*****
[INFO ] 2020-04-21 17:45:19.129 [TestNG-tests-1] TC_LoginDDT_002 - *****providing login details****
[INFO ] 2020-04-21 17:45:23.221 [TestNG-tests-1] TC_LoginDDT_002 - *****TC_LoginDDT_002 is passed***
[INFO ] 2020-04-21 17:45:23.221 [TestNG-tests-1] TC_LoginDDT_002 - **************** Finished TC_LoginDDT_002 ************* 
[INFO ] 2020-04-21 17:47:21.971 [TestNG-tests-1] TC_LoginTest_001 - *******TC-LoginTest-001 starting*****
[INFO ] 2020-04-21 17:47:24.535 [TestNG-tests-1] TC_LoginTest_001 - *****providing login details****
[INFO ] 2020-04-21 17:47:28.927 [TestNG-tests-1] TC_LoginTest_001 - *****logintest passed*****
[INFO ] 2020-04-21 17:47:28.930 [TestNG-tests-1] TC_LoginTest_001 - ****finished TC logintest 001 ****
[INFO ] 2020-04-21 17:47:42.254 [TestNG-tests-1] TC_LoginDDT_002 - *******TC_LoginDDT_002 is starting*****
[INFO ] 2020-04-21 17:47:45.450 [TestNG-tests-1] TC_LoginDDT_002 - *****providing login details****
[INFO ] 2020-04-21 17:47:49.278 [TestNG-tests-1] TC_LoginDDT_002 - *****TC_LoginDDT_002passed***
[INFO ] 2020-04-21 17:47:53.329 [TestNG-tests-1] TC_LoginDDT_002 - **************** Finished TC_LoginDDT_002 ************* 
[INFO ] 2020-04-21 17:47:53.336 [TestNG-tests-1] TC_LoginDDT_002 - *******TC_LoginDDT_002 is starting*****
[INFO ] 2020-04-21 17:47:53.975 [TestNG-tests-1] TC_LoginDDT_002 - *****providing login details****
[INFO ] 2020-04-21 17:47:54.838 [TestNG-tests-1] TC_LoginDDT_002 - *****TC_LoginDDT_002 is passed***
[INFO ] 2020-04-21 17:47:54.839 [TestNG-tests-1] TC_LoginDDT_002 - **************** Finished TC_LoginDDT_002 ************* 
[INFO ] 2020-04-21 17:47:54.842 [TestNG-tests-1] TC_LoginDDT_002 - *******TC_LoginDDT_002 is starting*****
[INFO ] 2020-04-21 17:47:55.499 [TestNG-tests-1] TC_LoginDDT_002 - *****providing login details****
[INFO ] 2020-04-21 17:47:56.240 [TestNG-tests-1] TC_LoginDDT_002 - *****TC_LoginDDT_002 is passed***
[INFO ] 2020-04-21 17:47:56.240 [TestNG-tests-1] TC_LoginDDT_002 - **************** Finished TC_LoginDDT_002 ************* 
[INFO ] 2020-04-21 17:47:56.248 [TestNG-tests-1] TC_LoginDDT_002 - *******TC_LoginDDT_002 is starting*****
[INFO ] 2020-04-21 17:47:56.792 [TestNG-tests-1] TC_LoginDDT_002 - *****providing login details****
[INFO ] 2020-04-21 17:47:57.490 [TestNG-tests-1] TC_LoginDDT_002 - *****TC_LoginDDT_002 is passed***
[INFO ] 2020-04-21 17:47:57.490 [TestNG-tests-1] TC_LoginDDT_002 - **************** Finished TC_LoginDDT_002 ************* 
[INFO ] 2020-04-21 17:48:13.254 [TestNG-tests-1] TC_AddCustomerTest_003 - ***************   TC_AddCustomerTest_003 statred  *********** 
[INFO ] 2020-04-21 17:48:15.808 [TestNG-tests-1] TC_AddCustomerTest_003 - ***************  Providing customer details  *********** 
[INFO ] 2020-04-21 17:48:26.247 [TestNG-tests-1] TC_AddCustomerTest_003 - ***************  Customer added succesfully *********** 
[INFO ] 2020-04-21 17:48:26.248 [TestNG-tests-1] TC_AddCustomerTest_003 - ***************   TC_AddCustomerTest_003 Finished  *********** 
[INFO ] 2020-04-21 17:48:36.838 [TestNG-tests-1] TC_SearchCustomerByEmail_004 - *******TC-SearchCustomerByEmail_004*****
[INFO ] 2020-04-21 17:48:38.440 [TestNG-tests-1] TC_SearchCustomerByEmail_004 - *****providing login details****
[INFO ] 2020-04-21 17:48:48.940 [TestNG-tests-1] TC_SearchCustomerByEmail_004 - ****end of testcase4*****
[INFO ] 2020-04-21 17:48:59.584 [TestNG-tests-1] TC_SearchCustomerByName_005 - *******TC-SearchCustomerByName_005*****
[INFO ] 2020-04-21 17:49:01.704 [TestNG-tests-1] TC_SearchCustomerByName_005 - *****providing login details****
[INFO ] 2020-04-21 17:49:11.181 [TestNG-tests-1] TC_SearchCustomerByName_005 - ****end of testcase5*****
[INFO ] 2020-04-21 17:49:22.098 [TestNG-tests-1] TC_EditCustomer_006 - *******TC-LoginTest-001 starting*****
[INFO ] 2020-04-21 17:49:23.718 [TestNG-tests-1] TC_EditCustomer_006 - *****providing login details****
[INFO ] 2020-04-21 17:49:37.432 [TestNG-tests-1] TC_EditCustomer_006 - ****end of testcase6*****
[INFO ] 2020-04-21 17:49:48.748 [TestNG-tests-1] TC_DeleteCustomer_007 - *******TC-LoginTest-007 starting*****
[INFO ] 2020-04-21 17:49:50.993 [TestNG-tests-1] TC_DeleteCustomer_007 - *****providing login details****
[INFO ] 2020-04-21 22:29:23.578 [TestNG-tests-1] TC_LoginTest_001 - *******TC-LoginTest-001 starting*****
[INFO ] 2020-04-21 22:29:28.065 [TestNG-tests-1] TC_LoginTest_001 - *****providing login details****
[INFO ] 2020-04-21 22:29:33.255 [TestNG-tests-1] TC_LoginTest_001 - *****logintest passed*****
[INFO ] 2020-04-21 22:29:33.278 [TestNG-tests-1] TC_LoginTest_001 - ****finished TC logintest 001 ****
[INFO ] 2020-04-21 22:29:51.084 [TestNG-tests-1] TC_AddCustomerTest_003 - ***************   TC_AddCustomerTest_003 statred  *********** 
[INFO ] 2020-04-21 22:29:53.187 [TestNG-tests-1] TC_AddCustomerTest_003 - ***************  Providing customer details  *********** 
[INFO ] 2020-04-21 22:30:02.157 [TestNG-tests-1] TC_AddCustomerTest_003 - ***************  Customer added succesfully *********** 
[INFO ] 2020-04-21 22:30:02.157 [TestNG-tests-1] TC_AddCustomerTest_003 - ***************   TC_AddCustomerTest_003 Finished  *********** 
[INFO ] 2020-04-22 15:41:24.112 [TestNG-tests-1] TC_LoginTest_001 - *******TC-LoginTest-001 starting*****
[INFO ] 2020-04-22 15:41:26.807 [TestNG-tests-1] TC_LoginTest_001 - *****providing login details****
[INFO ] 2020-04-22 15:41:34.027 [TestNG-tests-1] TC_LoginTest_001 - *****logintest passed*****
[INFO ] 2020-04-22 15:41:34.032 [TestNG-tests-1] TC_LoginTest_001 - ****finished TC logintest 001 ****
[INFO ] 2020-04-22 15:41:53.466 [TestNG-tests-1] TC_AddCustomerTest_003 - ***************   TC_AddCustomerTest_003 statred  *********** 
[INFO ] 2020-04-22 15:41:56.445 [TestNG-tests-1] TC_AddCustomerTest_003 - ***************  Providing customer details  *********** 
[INFO ] 2020-04-22 15:42:05.823 [TestNG-tests-1] TC_AddCustomerTest_003 - ***************  Customer added succesfully *********** 
[INFO ] 2020-04-22 15:42:05.827 [TestNG-tests-1] TC_AddCustomerTest_003 - ***************   TC_AddCustomerTest_003 Finished  *********** 
